<?xml version="1.0" encoding="UTF-8"?>
<robot generator="Robot 3.2.1 (Python 3.8.3 on win32)" generated="20200815 19:06:59.353" rpa="false">
<suite id="s1" name="Receber-Pedidos" source="c:\Roboweek\ninjachef\web\tests\receber-pedidos.robot">
<test id="s1-t1" name="Receber novo pedido">
<kw name="Open Session" library="base" type="setup">
<kw name="Open Browser" library="SeleniumLibrary">
<doc>Opens a new browser instance to the optional ``url``.</doc>
<arguments>
<arg>about:blank</arg>
<arg>Chrome</arg>
</arguments>
<msg timestamp="20200815 19:07:01.194" level="INFO">Opening browser 'Chrome' to base url 'about:blank'.</msg>
<status status="PASS" starttime="20200815 19:07:01.192" endtime="20200815 19:07:30.974"></status>
</kw>
<status status="PASS" starttime="20200815 19:07:01.190" endtime="20200815 19:07:30.975"></status>
</kw>
<kw name="Dado que &quot;eduguedes@gmail.com&quot; é a minha conta de cozinheiro" library="kws">
<kw name="Set Test Variable" library="BuiltIn">
<doc>Makes a variable available everywhere within the scope of the current test.</doc>
<arguments>
<arg>${email_cozinheiro}</arg>
</arguments>
<msg timestamp="20200815 19:07:30.991" level="INFO">${email_cozinheiro} = eduguedes@gmail.com</msg>
<status status="PASS" starttime="20200815 19:07:30.987" endtime="20200815 19:07:30.991"></status>
</kw>
<kw name="Get Api Login" library="helpers">
<arguments>
<arg>${email_cozinheiro}</arg>
</arguments>
<assign>
<var>${token_cozinheiro}</var>
</assign>
<kw name="Create Dictionary" library="BuiltIn">
<doc>Creates and returns a dictionary based on the given ``items``.</doc>
<arguments>
<arg>email=${email_param}</arg>
</arguments>
<assign>
<var>&amp;{payload}</var>
</assign>
<msg timestamp="20200815 19:07:31.006" level="INFO">&amp;{payload} = { email=eduguedes@gmail.com }</msg>
<status status="PASS" starttime="20200815 19:07:31.000" endtime="20200815 19:07:31.007"></status>
</kw>
<kw name="Create Dictionary" library="BuiltIn">
<doc>Creates and returns a dictionary based on the given ``items``.</doc>
<arguments>
<arg>Content-Type=application/json</arg>
</arguments>
<assign>
<var>&amp;{headers}</var>
</assign>
<msg timestamp="20200815 19:07:31.013" level="INFO">&amp;{headers} = { Content-Type=application/json }</msg>
<status status="PASS" starttime="20200815 19:07:31.008" endtime="20200815 19:07:31.014"></status>
</kw>
<kw name="Create Session" library="RequestsLibrary">
<doc>Create Session: create a HTTP session to a server</doc>
<arguments>
<arg>api</arg>
<arg>${api_url}</arg>
</arguments>
<msg timestamp="20200815 19:07:31.017" level="INFO">Creating Session using : alias=api, url=http://ninjachef-api-qaninja-io.umbler.net, headers={},                     cookies={}, auth=None, timeout=None, proxies=None, verify=False,                     debug=0 </msg>
<status status="PASS" starttime="20200815 19:07:31.015" endtime="20200815 19:07:31.019"></status>
</kw>
<kw name="Post Request" library="RequestsLibrary">
<doc>Send a POST request on the session object found using the
given `alias`</doc>
<arguments>
<arg>api</arg>
<arg>/sessions</arg>
<arg>data=${payload}</arg>
<arg>headers=${headers}</arg>
</arguments>
<assign>
<var>${resp}</var>
</assign>
<msg timestamp="20200815 19:07:31.479" level="INFO">POST Request : url=http://ninjachef-api-qaninja-io.umbler.net/sessions 
 path_url=/sessions 
 headers={'User-Agent': 'python-requests/2.24.0', 'Accept-Encoding': 'gzip, deflate', 'Accept': '*/*', 'Connection': 'keep-alive', 'Content-Type': 'application/json', 'Content-Length': '32'} 
 body={"email": "eduguedes@gmail.com"} 
 </msg>
<msg timestamp="20200815 19:07:31.480" level="INFO">POST Response : url=http://ninjachef-api-qaninja-io.umbler.net/sessions 
 status=200, reason=OK 
 body={"_id":"5f3474e5fbba920016c6bb99","email":"eduguedes@gmail.com","__v":0} 
 </msg>
<msg timestamp="20200815 19:07:31.481" level="INFO">${resp} = &lt;Response [200]&gt;</msg>
<status status="PASS" starttime="20200815 19:07:31.021" endtime="20200815 19:07:31.481"></status>
</kw>
<kw name="Status Should Be" library="RequestsLibrary">
<doc>Fails if response status code is different than the expected.</doc>
<arguments>
<arg>200</arg>
<arg>${resp}</arg>
</arguments>
<status status="PASS" starttime="20200815 19:07:31.483" endtime="20200815 19:07:31.484"></status>
</kw>
<kw name="Convert To String" library="BuiltIn">
<doc>Converts the given item to a Unicode string.</doc>
<arguments>
<arg>${resp.json()['_id']}</arg>
</arguments>
<assign>
<var>${token}</var>
</assign>
<msg timestamp="20200815 19:07:31.490" level="INFO">${token} = 5f3474e5fbba920016c6bb99</msg>
<status status="PASS" starttime="20200815 19:07:31.485" endtime="20200815 19:07:31.490"></status>
</kw>
<msg timestamp="20200815 19:07:31.492" level="INFO">${token_cozinheiro} = 5f3474e5fbba920016c6bb99</msg>
<status status="PASS" starttime="20200815 19:07:30.994" endtime="20200815 19:07:31.493"></status>
</kw>
<kw name="Set Test Variable" library="BuiltIn">
<doc>Makes a variable available everywhere within the scope of the current test.</doc>
<arguments>
<arg>${token_cozinheiro}</arg>
</arguments>
<msg timestamp="20200815 19:07:31.496" level="INFO">${token_cozinheiro} = 5f3474e5fbba920016c6bb99</msg>
<status status="PASS" starttime="20200815 19:07:31.494" endtime="20200815 19:07:31.497"></status>
</kw>
<status status="PASS" starttime="20200815 19:07:30.981" endtime="20200815 19:07:31.498"></status>
</kw>
<kw name="E &quot;fernando@bol.com.br&quot; é o email do meu cliente" library="kws">
<kw name="Set Test Variable" library="BuiltIn">
<doc>Makes a variable available everywhere within the scope of the current test.</doc>
<arguments>
<arg>${email_cliente}</arg>
</arguments>
<msg timestamp="20200815 19:07:31.505" level="INFO">${email_cliente} = fernando@bol.com.br</msg>
<status status="PASS" starttime="20200815 19:07:31.502" endtime="20200815 19:07:31.505"></status>
</kw>
<kw name="Get Api Login" library="helpers">
<arguments>
<arg>${email_cliente}</arg>
</arguments>
<assign>
<var>${token_cliente}</var>
</assign>
<kw name="Create Dictionary" library="BuiltIn">
<doc>Creates and returns a dictionary based on the given ``items``.</doc>
<arguments>
<arg>email=${email_param}</arg>
</arguments>
<assign>
<var>&amp;{payload}</var>
</assign>
<msg timestamp="20200815 19:07:31.511" level="INFO">&amp;{payload} = { email=fernando@bol.com.br }</msg>
<status status="PASS" starttime="20200815 19:07:31.509" endtime="20200815 19:07:31.511"></status>
</kw>
<kw name="Create Dictionary" library="BuiltIn">
<doc>Creates and returns a dictionary based on the given ``items``.</doc>
<arguments>
<arg>Content-Type=application/json</arg>
</arguments>
<assign>
<var>&amp;{headers}</var>
</assign>
<msg timestamp="20200815 19:07:31.514" level="INFO">&amp;{headers} = { Content-Type=application/json }</msg>
<status status="PASS" starttime="20200815 19:07:31.512" endtime="20200815 19:07:31.514"></status>
</kw>
<kw name="Create Session" library="RequestsLibrary">
<doc>Create Session: create a HTTP session to a server</doc>
<arguments>
<arg>api</arg>
<arg>${api_url}</arg>
</arguments>
<msg timestamp="20200815 19:07:31.516" level="INFO">Creating Session using : alias=api, url=http://ninjachef-api-qaninja-io.umbler.net, headers={},                     cookies={}, auth=None, timeout=None, proxies=None, verify=False,                     debug=0 </msg>
<status status="PASS" starttime="20200815 19:07:31.515" endtime="20200815 19:07:31.517"></status>
</kw>
<kw name="Post Request" library="RequestsLibrary">
<doc>Send a POST request on the session object found using the
given `alias`</doc>
<arguments>
<arg>api</arg>
<arg>/sessions</arg>
<arg>data=${payload}</arg>
<arg>headers=${headers}</arg>
</arguments>
<assign>
<var>${resp}</var>
</assign>
<msg timestamp="20200815 19:07:31.782" level="INFO">POST Request : url=http://ninjachef-api-qaninja-io.umbler.net/sessions 
 path_url=/sessions 
 headers={'User-Agent': 'python-requests/2.24.0', 'Accept-Encoding': 'gzip, deflate', 'Accept': '*/*', 'Connection': 'keep-alive', 'Content-Type': 'application/json', 'Content-Length': '32'} 
 body={"email": "fernando@bol.com.br"} 
 </msg>
<msg timestamp="20200815 19:07:31.784" level="INFO">POST Response : url=http://ninjachef-api-qaninja-io.umbler.net/sessions 
 status=200, reason=OK 
 body={"_id":"5f34722cfbba920016c6bb96","email":"fernando@bol.com.br","__v":0} 
 </msg>
<msg timestamp="20200815 19:07:31.785" level="INFO">${resp} = &lt;Response [200]&gt;</msg>
<status status="PASS" starttime="20200815 19:07:31.518" endtime="20200815 19:07:31.786"></status>
</kw>
<kw name="Status Should Be" library="RequestsLibrary">
<doc>Fails if response status code is different than the expected.</doc>
<arguments>
<arg>200</arg>
<arg>${resp}</arg>
</arguments>
<status status="PASS" starttime="20200815 19:07:31.787" endtime="20200815 19:07:31.789"></status>
</kw>
<kw name="Convert To String" library="BuiltIn">
<doc>Converts the given item to a Unicode string.</doc>
<arguments>
<arg>${resp.json()['_id']}</arg>
</arguments>
<assign>
<var>${token}</var>
</assign>
<msg timestamp="20200815 19:07:31.794" level="INFO">${token} = 5f34722cfbba920016c6bb96</msg>
<status status="PASS" starttime="20200815 19:07:31.791" endtime="20200815 19:07:31.794"></status>
</kw>
<msg timestamp="20200815 19:07:31.796" level="INFO">${token_cliente} = 5f34722cfbba920016c6bb96</msg>
<status status="PASS" starttime="20200815 19:07:31.506" endtime="20200815 19:07:31.797"></status>
</kw>
<kw name="Set Test Variable" library="BuiltIn">
<doc>Makes a variable available everywhere within the scope of the current test.</doc>
<arguments>
<arg>${token_cliente}</arg>
</arguments>
<msg timestamp="20200815 19:07:31.800" level="INFO">${token_cliente} = 5f34722cfbba920016c6bb96</msg>
<status status="PASS" starttime="20200815 19:07:31.798" endtime="20200815 19:07:31.800"></status>
</kw>
<status status="PASS" starttime="20200815 19:07:31.500" endtime="20200815 19:07:31.801"></status>
</kw>
<kw name="E que &quot;Carneiro Assado&quot; está cadastrado no meu dashboard" library="kws">
<kw name="Set Test Variable" library="BuiltIn">
<doc>Makes a variable available everywhere within the scope of the current test.</doc>
<arguments>
<arg>${produto}</arg>
</arguments>
<msg timestamp="20200815 19:07:31.809" level="INFO">${produto} = Carneiro Assado</msg>
<status status="PASS" starttime="20200815 19:07:31.807" endtime="20200815 19:07:31.810"></status>
</kw>
<kw name="Create Dictionary" library="BuiltIn">
<doc>Creates and returns a dictionary based on the given ``items``.</doc>
<arguments>
<arg>name=${produto}</arg>
<arg>plate=Tipo</arg>
<arg>price=18.00</arg>
</arguments>
<assign>
<var>&amp;{payload}</var>
</assign>
<msg timestamp="20200815 19:07:31.815" level="INFO">&amp;{payload} = { name=Carneiro Assado | plate=Tipo | price=18.00 }</msg>
<status status="PASS" starttime="20200815 19:07:31.811" endtime="20200815 19:07:31.816"></status>
</kw>
<kw name="Get Binary File" library="OperatingSystem">
<doc>Returns the contents of a specified file.</doc>
<arguments>
<arg>${EXECDIR}/resources/images/produto.jpg</arg>
</arguments>
<assign>
<var>${image_file}</var>
</assign>
<msg timestamp="20200815 19:07:31.819" level="INFO" html="yes">Getting file '&lt;a href="file://c:\Roboweek\ninjachef\web\resources\images\produto.jpg"&gt;c:\Roboweek\ninjachef\web\resources\images\produto.jpg&lt;/a&gt;'.</msg>
<msg timestamp="20200815 19:07:31.852" level="INFO">${image_file} = \xff\xd8\xff\xe0JFIF\xff\xdb\x84	( %!1!%)+... 383-7(-.+


5&amp; &amp;---0-2-----------5+-------------------------------\xff\xc0\xb7"...</msg>
<status status="PASS" starttime="20200815 19:07:31.816" endtime="20200815 19:07:31.852"></status>
</kw>
<kw name="Create Dictionary" library="BuiltIn">
<doc>Creates and returns a dictionary based on the given ``items``.</doc>
<arguments>
<arg>thumbnail=${image_file}</arg>
</arguments>
<assign>
<var>&amp;{files}</var>
</assign>
<msg timestamp="20200815 19:07:31.875" level="INFO">&amp;{files} = { thumbnail=\xff\xd8\xff\xe0JFIF\xff\xdb\x84	( %!1!%)+... 383-7(-.+


5&amp; &amp;---0-2-----------5+-------------------------------\xff\xc0\...</msg>
<status status="PASS" starttime="20200815 19:07:31.854" endtime="20200815 19:07:31.876"></status>
</kw>
<kw name="Create Dictionary" library="BuiltIn">
<doc>Creates and returns a dictionary based on the given ``items``.</doc>
<arguments>
<arg>user_id=${token_cozinheiro}</arg>
</arguments>
<assign>
<var>&amp;{headers}</var>
</assign>
<msg timestamp="20200815 19:07:31.880" level="INFO">&amp;{headers} = { user_id=5f3474e5fbba920016c6bb99 }</msg>
<status status="PASS" starttime="20200815 19:07:31.877" endtime="20200815 19:07:31.881"></status>
</kw>
<kw name="Create Session" library="RequestsLibrary">
<doc>Create Session: create a HTTP session to a server</doc>
<arguments>
<arg>api</arg>
<arg>${api_url}</arg>
</arguments>
<msg timestamp="20200815 19:07:31.883" level="INFO">Creating Session using : alias=api, url=http://ninjachef-api-qaninja-io.umbler.net, headers={},                     cookies={}, auth=None, timeout=None, proxies=None, verify=False,                     debug=0 </msg>
<status status="PASS" starttime="20200815 19:07:31.881" endtime="20200815 19:07:31.884"></status>
</kw>
<kw name="Post Request" library="RequestsLibrary">
<doc>Send a POST request on the session object found using the
given `alias`</doc>
<arguments>
<arg>api</arg>
<arg>/products</arg>
<arg>files=${files}</arg>
<arg>data=${payload}</arg>
<arg>headers=${headers}</arg>
</arguments>
<assign>
<var>${resp}</var>
</assign>
<msg timestamp="20200815 19:07:32.586" level="INFO">POST Request : url=http://ninjachef-api-qaninja-io.umbler.net/products 
 path_url=/products 
 headers={'User-Agent': 'python-requests/2.24.0', 'Accept-Encoding': 'gzip, deflate', 'Accept': '*/*', 'Connection': 'keep-alive', 'user_id': '5f3474e5fbba920016c6bb99', 'Content-Length': '10931', 'Content-Type': 'multipart/form-data; boundary=cf558bacf2f54989e6fa5e91156ad61b'} 
 body=b'--cf558bacf2f54989e6fa5e91156ad61b\r\nContent-Disposition: form-data; name="name"\r\n\r\nCarneiro Assado\r\n--cf558bacf2f54989e6fa5e91156ad61b\r\nContent-Disposition: form-data; name="plate"\r\n\r\nTipo\r\n--cf558bacf2f54989e6fa5e91156ad61b\r\nContent-Disposition: form-data; name="price"\r\n\r\n18.00\r\n--cf558bacf2f54989e6fa5e91156ad61b\r\nContent-Disposition: form-data; name="thumbnail"; filename="thumbnail"\r\n\r\n\xff\xd8\xff\xe0\x00\x10JFIF\x00\x01\x01\x00\x00\x01\x00\x01\x00\x00\xff\xdb\x00\x84\x00\t\x06\x07\x12\x13\x12\x15\x12\x13\x13\x15\x16\x15\x17\x17\x15\x18\x17\x15\x15\x18\x18\x17\x1a\x18\x17\x16\x18\x18\x16\x18\x17\x17\x18\x18\x1d( \x18\x1a%\x1b\x18\x15!1!%)+...\x17 383-7(-.+\x01\n\n\n\x0e\r\x0e\x1b\x10\x10\x1b5&amp; &amp;---0-2-----------5+-------------------------------\xff\xc0\x00\x11\x08\x00\xb7\x01\x13\x03\x01"\x00\x02\x11\x01\x03\x11\x01\xff\xc4\x00\x1c\x00\x00\x01\x04\x03\x01\x00\x00\x00\x00\x00\x00\x00\x00\x00\x00\x00\x05\x00\x01\x04\x06\x02\x03\x07\x08\xff\xc4\x00?\x10\x00\x02\x01\x02\x04\x03\x06\x04\x05\x03\x03\x02\x06\x03\x00\x00\x01\x02\x11\x00\x03\x04\x12!1\x05AQ\x06\x13"aq\x81\x072\x91\xa1\x14BR\xb1\xc1#b\xd1\x92\xe1\xf03rCSc\x93\xa2\xf1\x15\x16$\xff\xc4\x00\x1a\x01\x00\x02\x03\x01\x01\x00\x00\x00\x00\x00\x00\x00\x00\x00\x00\x00\x00\x03\x01\x02\x04\x05\x06\xff\xc4\x00-\x11\x00\x02\x02\x01\x03\x02\x04\x05\x04\x03\x00\x00\x00\x00\x00\x00\x00\x01\x02\x03\x11\x04\x12!1Q\x05\x13"A2aq\x91\xb1\x81\xd1\xe1\xf0\x14\x15\xa1\xff\xda\x00\x0c\x03\x01\x00\x02\x11\x03\x11\x00?\x00\xe4\xd4\xa9R\xa0\xb8\xa9\xe9\xa9P\x19\x1a\x95*T\x10!Ji\xa9P\x03\xd2"\x91\xa9&lt;+\x87\\\xc4\\\x16\xed\x89;\x93\xc9G2j\x1bQY}\t\x8c\\\x9e\x11\x16iMZx\x9fa\xef \x9bm\x9f\xaa\x9d\x0f\xb4Ub\xfd\x87F\xca\xeaT\xf4#\xf6\xea)T\xea*\xb9f\x12\xc8\xcbh\xb2\xaf\x8d`\xc6\x9e\x9a\x9e\x9c$T\xa9SPH\xe2\x98\x8aSNM\x004R"\x94\xd24\x00\xf4\xd4\xa2\x9ah\x01\xe9\x8bV\xdc\x16\x12\xe5\xe7\xee\xec\xa3\\x\x9c\xaa$\xc4\x81&gt;BH\xd7\xce\xbaOf\xbe\x1a*\x81s\x1aA&lt;\xad\x03\n&lt;\x98\x8d\\\xf9\r=iv[\x1a\xd7%\xeb\xaaV&gt;\n\x17\x03\xe08\x8c[\x05\xb2\x84\x82c1\xd1G]y\xfbMt\x1c/\xc3N\xe2\xd3]b\xb7n\xfe@tQ\x1eZ\xc9\xfa\xd5\xa3\x83\xe2aX\xda\xb6\x96m+\x14W?\xf8\x814 \x004\xd6FQ\xcb\xec\x07\xb4\x9f\x10\x17\x0e\x1a\xd2\x95\xb9t\x88\xf0h\x12F\xa0\xe6\x90=55\x9aV\xce\xc9apm\x8d0\xadnl\xe5|J{\xc2\x0e\xe3C=zy\xc6\xd5\x18T\x8e!\x88[\x97\x0b*\xe5\x104\xeaF\xe4\xf4&amp;\xb4\x1a\xd8\xba\x18\'\xcc\x98\xd4\xa9R\xa9*4S\xd2\xa5@\n\x94\xd3\xd3PH\xa9\xe9\xa9\xe8\x03:T\xa9PH\xa9R\xa5A\x03\x1aT\xa9\xa6\x80\x1c\xd2\xacY\xab\x02\xf4\x01\x99\xab\xafa\xb8\xad\x84^\xe8\xc8,\xc4\xdc*\x01x\x00\xe5d\x9d\xf2\xc9\xd0r\'J\xa3\xa4\xb1\xca\xa0\xb3\x1eJ\t?A\xadY\xb8\x0fbx\x95\xd6V\\%\xe0\xbf\xad\x94$y\x8e\xf2*\x96\xd6\xa7\x1c1\x94\xda\xeb\x9eQsN:\xd6\xdb%\xd1\x98\x10\x08\xd4L\x1dD\xc1\xd0\xc7.U\'\x13\x85\xc2\xe2\x90/O\xd5\xbf\xac\x9e~u\x02\xcf`x\x99\xbb\x90\xe1QRO\x89\xae.H&amp;d0b\xff\x00PM\x12\xe3\xdf\x0f\xb1\x98a\x9e\xc4\xde]&lt;)\xf3\x83\xe9\xf9\x87\xf8\xae\r\xbe\x1c\xe3-\xf5e}\x0e\xe45\x95\xc9m\x9bL\xa6\xf1\x0e\xc4\x84i\x17r\xa1\xdc\x95/\x97\xa6\xc4\x12*\xa7\x89\xb2\xd6\xdb+}F\xc7\xd2\xbae\xbc%\xc7P\x1c\x86\xe6\x19N\xa3\x91\x04hA\x1d"\x86\xe2p}\xd5\xc4\xb9\xdd\xdb\xba\x06\xb9.\xa8u\xf4*i\xfam|\xe3/.\xe7\x96+Q\xe1\xd0\x94wRs\xe6\xba:\xd3-\xc9\xf3\xf4\xafJv\'\x1f\xc31K\x95p\xb6-^\x03[E\x13_41\xe2\x1fqW+|6\xc8\xda\xd5\xb1\xe8\x8b\xfe+\xb1\x19\xa9,\xa3\x8b8\xca\x0fl\x97\'\x8fB7$o\xa1\xa7\xee\xae~\x87\xff\x00K\x7f\x8a\xf60\xc3 \xfc\x8b\xf4\x15\x97p\x9f\xa5~\x82\xacW\'\x8dJ0\xdd[\xe8k\x06\xb9\xd7J\xf6Y\xc2\xdb\xfd\x0b\xfe\x91Znp\xdb\x07{6\xcf\xaa/\xf8\xa02x\xef\xbd\x1dh\xe7f;/\x88\xc77\xf4\xc6[@\xc3\xdeo\x94y\x01\xf9\x9b\xc8{\xc5w&gt;\xd7\x1e\x1e\x81\x91p\xb8w`\tv\xee\x94\x84\x1c\xf6\x1a\xb7\x95\x0e\xc0\xa6[H\xa0"\xdb\x03\xc3j\xd9\x12v#0]\x07\xa0\xacWj\xd2n0\xe5\xf7\xf6F\xdat\x8eK|\xf8_\x93_g\xf8f\x1f\x06;\xab \x03\xe1\xcc\xed\x12\xcct\x05\x9f\xafE]\xabw\x1c\xed\x0e\x13\tk=\xf8f3\x96\xd9\x13:\x9d\x86\xb3\xd7\xf7\xa3X\x8e\x0e\xcfl\x16\x9bY\x98-\xbbk\x19\xcb\xb6\x81\x9aA\x1e\x11-\xb1\x80\x0fJ\xa8\xf1\x9f\x81\xe6\xeb\x1b\x8b\x8fvs\xce\xf2\x06\xfb\xa9\x10&lt;\xaa\xb5\xd1)\xbc\xcf\xf9/n\xa6\x11[`s~\xd0v\xd7\x11\x88$!6\xad\xec\x15I\x98\xe9?\x94y,UdU\xe7\x88|-\xc5[|\xa2\xfe\x1d\xd4|\xce\x19\x80_]"|\xa6\x8b\xf0?\x87vA\x93\x9b\x12GY\xb7n}\x01\xcc\xde\xe7\xda\x9d=E4,{\xf6\\\xb11\xa6\xeb\xde_N\xef\x84s0\x0cL\x18\xdayOJ@\xd5\xff\x00\xe2\x97\x0e|=\xbb\x03"\xa5\xb2H\n\x81UC\x019`\x1dt\xd6O\x9dU0}\x9b\xc4\xbe\x1d\xf1A\x08\xb4\xaaX3\x03\xe2\x03r\xbaG\xd7zt,\xdd\x15\'\xc0\x9bk\xd9-\xb9\xc82\x9a\x985=\\\xa0\xa9R\xa5\x14\x00\xf4\xd4\xf4\xd4\x00\xa9R\xa7\xa0\x0c\xe6\x954\xd6,\xd4\x12dM6j\xc04\x90\x06\xa4\xe8\x00\xd4\x93\xd0\x0ef\xae\xdd\x99\xf8Y\xc4qp\xcc\x83\x0fl\xfek\xb2\x18\x8f$\x1a\xfdb\x80)E\xea_\n\xe1\x18\x9cI\xcb\x87\xb1r\xe9\xfe\xc5${\xb6\xc3\xeb]\xff\x00\xb3\x9f\x07\xf8~\x1e\x1a\xe8lM\xc1\xce\xe7\xcb&gt;H4\xfa\xcd_\xb0\xd8d\xb6\xa1QU\x14l\x14\x00\x07\xb0\xa0\x8c\x9c\x03\x81\xfc\x14\xc7]\x83\x88\xb9n\xc2\xf4\x1f\xd4\x7f\xb4\x00}\xcd_\xb87\xc1\xae\x1bf\r\xd0\xf7\xdb\xff\x00Q\xa1\x7f\xd2\xb0+\xa2\xcd)\xa0\xaeJGl\x9b\x0b\xc3\xb0l\x98{V\xed=\xc8D\xee\xd4)\x12@-#Q\xa1\xdf\xce\xaa\x1c\x17\xb6X\xab^\x0e\xfc3i\x16\xef\x82\xc2\x0f\xf7hG\xd6\xbaoh;;o\x15\x95\x8b\xba:\x88\x0c\xb0G]A\x1a\xfd\xaa\x85\xc5\xfe\x1cbs\xf7\x8bqoG?\x91\xf4\xd8\xc1\xd0\xfaMf\xb6\xb99\xe5&lt;\x1b\xf4\xf6T\xab\xdb$\xb2\xdf\xb9j\xc2v\xd5UA\xc4\xa7v6\xce\x87:\xfa\x98\x12&gt;\xf5b\xc0q+7\xd75\xab\x8a\xe3\xfbO\xee7\x15\xcb\x12\xcd\xcbsn\xf26|\xbc\xb4\xff\x00\xe2A\x1fM*\xbd\x8f\xc75\xac\xb7-\x8b\x96\xe3\\\xd1\x11\xa8\xda&lt;\xe7jL53O\x12Y\x1d=\x15rY\x83\xc7\xe0\xea\xfd\xa8\xec\x8a\xe2&amp;\xe5\x96\x16\xaf\xfe\xa89\x1f\xca\xe2\x8ezFa\xaf\xae\xd5\xcdq\x82\xf5\xbb\xbd\xc6*\xc9\xb2\xf0r\x93\xe2K\x907\xb6\xe3B\x0cz\x89\x12\x05\x12\xe0?\x14nZ`\xb8\xa0.!\xd46\xcf\x1b\x08\xd2\x1b\xd0\x99\xf3\xe5Wn3\x8c\xc3c\xb0\x17\x9e\xd3%\xcc\xb6\xd9\xd7\xf5#\xaa\x924:\xa9\xe5\xeej/\xd3Sz\xdd\x8eEF\xfdF\x95at\xfb\xa3\x96b\xb0\x05\x19H\xcdm\xf4e\xd4\x83\xe4P\x8d\xfdEt.\xc6v\xe3\xbd\x8b\x18\x9f\r\xc1\n\xb7vW;\x00\xdf\xa5\xc9\xf6&gt;\xbaW7\xc2p\xbe"U\x1f"\xfe\x16\xfbxn\x16\x07!\\\xc0\x927Y\x83\xf4\xe5Z/c\r\xe0\x11V\x02\x01\x9a6\xcf\x1e\',t\xd7\x97\x94VZ\xa3f\x9b\xd4\x9eWcM\x97W\xab\x8a\x8e0\xfb\xf6=\x15A{e\xc6\x8e\x0f\x07{\x12\x00,\x80e\x07l\xcc\xc1D\xfdj\x8f\xd8\x1e\xdf0u\xc1\xe2\xdasB\xd9\xbcw\x9d\x85\xbb\x87\x9c\xf2oc\xd6\x8e\xfcZ\xb4n\xe0\xd3\x0e\xbf5\xfcF\x1e\xd0\x1f\xf74\x93\xe8"O\x90\xae\xacmS\x86\xe8\x9c\xab\xaa\x95R\xdb"\xe4\xb7\x94\xc0\x91$f\x8eq\xa6\xbfz\xa9\xf1\xee\xd0\x9b\x84\xd8\xc2\xb7P\xf7F\xc3\xa8S\xd7\xce\x85q\xde&lt;\x1c\xde[,|Yl\x87_\xcbj\xdc\xceS\xfa\x99\xd9\xc7\xa2\x8a\x0fc\x17\xdc\x80\x00\x13\x19TL(\x8d\xd9\x8e\xc3]|\xa2\xb9\xda\x9df\xe9yP\x7fVn\xd3iR\x87\x9dg\xe8\x98K\xf0\xe9mE\xa0\xbd\xe5\xcb\x9a\x04\xdc\x92w\'\xfeiO\xc3\xb8rX\x04&amp;\\\xe2s\xdc_\x92\xd1:e\xb7\x1b\xb7,\xdb\xce\x8b\xac\xd6\x1c\x1f\x16\x99\x19\xc3h\xfb\xdf"\x1e\xe0\x1a\x1e\xef\x9d\xbb&lt;\x81\xf9\x9b\x96\xe2\xa3\xe30\xb8\x8cITK}\xcd\x80e{\xcf\tnY\x8a\xeeOA\xb0\x15\x10\x8cj\\,\xbf\xef\xf7%el\xb5\x12\xda\x9e#\xee\xff\x00\xbf\x80\xde\x1b\xb4Vl\xc6vk\xb7\x10\x15Q\xf9P\x1dI.t,y\xc4\xe5\x02\'rs\xbd\xc6\x1a\xfa\x93\x98\xbfKI*\xbeY\xdb\x98\xeb&amp;&lt;\xaa\x0e\x1b\xb3\xd6\xad\x12\xd7\n\xba\xc0\x83sA:\xe6\x95\xe6&gt;Zlgj\xb06\x01\xcdu l\xb2&gt;\xca\xbf\xcd^.\xeb8\x93\xc2\xed\xfc\x84\x9e\x9a\x9f\x87\x97\xdc\x91\x84\xe0\xc2\xec=\xc6\x17:"\xe9i\x7f\xcf\xbd\x18*\x88\x06\xa3N\x9e\x15\x1f\xe7\xda\x83p\xee/w\x1bmN\x1c\x0bjL\x13uZ\x07L\xa0\x0c\xad\xf7\xa9\xdf\xfe\x96\xf75\xbf\x8ac\xe5m\x02\xc7\xb9\'\xf6\xad5U\x18\xafB\xe7\xb9\x9a\xddM\x96u\xe8h\xc7\xf0\x8c&amp; \xce"\xd5\xbb\xa3L\xa2\xe1UU\xeaT\x16\x1a\x9d$\xf9EH\xe2\x1c\x16\xce*\xdbZ\x8b3\x93*\xec\xd9T\x88\xf0\xc7\xcb\xb4i[\x07\xc3\xec\x1f\xe6\xef_o\x99\xe3o\xfb@\xa9\x18^\xc4`\xad\x92R\xdb.`A\x87}A\xe5\xbd1B^\xe2w3\x84\xf1\xdf\x84\xfcO\r%m\x8b\xe8?5\x93&amp;&lt;\xd1\xb5\xfaMR\xef[db\x8e\xac\x8c7V\x05H\xf65\xecN\x1f\x82K(-\xdb\x9c\xa2`33o\xe6\xc4\x98\xf2\xa8\x9co\xb3\x98LZ\xe5\xc4X\xb7pua\xa8\xf4m\xc5&lt;2y\x105e5\xda;M\xf0=L\xbe\x06\xf1S\xff\x00\x95{\xc4=\x03\x8dG\xbc\xd7(\xe3\xfd\x9d\xc5\xe0\x9b.&amp;\xcb[\xe4\x1btoG\x1a\x1f\xde\x80\x07R\xacCV@\xd0H\xa9\xe9R\xa0\x0c3I\x00jN\x80\rI=\x00\xe7]\x07\xb2\x1f\tq\xb8\xb8\xb9\x7f\xff\x00\xe6\xb2\x7fP\x9b\x8c?\xb5?/\xab}+\xaev3\xe1\xc6\x0f\x87\x80\xc1{\xdb\xf1\xad\xeb\x80\x13?\xd86Q\xf7\xab\x894\x11\x92\xb5\xd9~\xc1\xe0p \x1b6\x81\xb9\xce\xeb\xf8\x9c\xfa\x13\xf2\xfa\n\xb2\xcdbM5\x04\x19\x16\xa6\x9ajU *T\xa9P\x03\x83Y\x03X\x8ap(\x03\x1b\xf8tq\x0e\xa1\x87B&amp;\xb9\x1f\xc5k\x1f\x86\xbbi\x987\xe1\xee\x02\xa1\x87\x8b+F\xaa\xc0\x9dt\xf1\x03\xbe\x87x\xae\xbcA\xaa\xed\xfc\x15\xbe%\x80\x16\xb1\x00M\xc5\x82DJ\xddBT\xb2z2\x93\xe9K\x9cs\xf5/\x0b%\x1e\x85\x1f\x0f\xc1\xb0\x97p\xf6\xde\xd5\xc0\x15\x83\x10\xcc\x0c\x12\xa7\xc4\xa6~S9\xb6\xe9\xca\xa0\x7f\xf8W\xb3\'\xfe\x9e`D\x83\xe1pD\x11+\xa1\x04P\xec\x1e3\x11\xc1\xae\xde\xc1bm-\xeb7\x06d\r!\x0bFT\xba\xa7u\xda\x18\rt\x1c\xc6\xa78G\x15\x1d\xdd\xbb(\xed\x89g\xf9\x91m0T;\x85\x0cc\xbc n \xc4|\xdaI\xe7\xddNyO\x0c\xe8Q\xab\xcf\xa6@\xccv&gt;\xe1\xc3Y\xc2[\x01{\xb6\xb9\xa1%\xa4\xdcbA\xf3\x89e\x03\x9ez\x89\xc7;2\xf8v\xb4\x1a\xed\xbc\x89+\x88E\x9c\xcc\xe2\xd8\xbe\xce\xab\xbb\x80\x1f)&lt;\xb7\xd2h\xf7\x13\xc3\xd9\xb9l\xf7d\x06Y\x0c\x8d \xa9\x1b\xae\xbbG\x9d\t\xe1\xf8\xa5\x17\x8f|\xa4\xbfv\xea\xcd\xf9\xc2\xaa\xf8\x82k\x05\x99@_M4\x93)\x8d\xcd-\xb6.\x85\xae\xd3\xe1o\xa7\xecT\xb1X\xe0\xe5\x87v\xc8\xab\x19A\xd1\x80\xe53\xaen~\xf5}\xc1q\xecV%Q\xdc3\xdd\xc3\xa1\xb7f\x06\x86\xfd\xd0U\xae\xdc\'\xc36\xed\x1dyKP\xfb\x9c\x1f\xbc\xbe\xf8\xb2\xb9\xd5\xc0#+\x80\n\xac(*\xact0\x17I\x90zQ\x8c7i\xb0\x96W\xbb\xc8{\xc0\x0eD\xbb\x95B\x83\xc8*\x83\xa4\xf3 \x93\xcc\x9adq\x16\xd2\xe1\x18\xae\xd4)\xc5E\xae\x81.\x19\xc0\x80\xb2\xa1\x9f"\xee\xc7R\xcc:\x06?\xb8\xd3\xce\xa4_\xb1i\xd4\xdb\xb4\xa0\x08\x8c\xe1{\xc2\x07\x97\x9f\xd8y\xd5K\x1bg\x15\x8c\xf9\xb1\xf6,\xa9\xfc\x8a3i\xd0\xceY\xfaV\xce\x1b\xc2B\'q\x7f\x18.\x12\xdf\xd0\xbdl\x11r\xdb\x10IV\x02sZ1;\x88&gt;\xba^\x10\x84c\xe8_\xb8\xab.s~\xa7\x92\xe9\x86\xb5f\xd2H\xb4\xe5\x90I{\xa0\xac\xf9\x93\x97@&lt;\x84\n\xae\xf1\x1cv/\x13s\xba\xb5\x89\xc2X\xf3\x02\xe3\x9f\xfd\xcb\x8a\xa9&gt;U\x0f\x1b\xd9\\e\xc4\x87\xbdv\xe0C\xfdD\xb3p\xe7\x1d%.)\x04\x11\x04\x10\x0f\xbdg\xd8\xfe\x0be\xee\xdd\xc3\xdc\xbb|\x0f\xfc\x07fI\x03I\xb7pe\x9c\xe0\xcck\x0c9\x03W\x8cJ)\x96.1\xd9\xd1\x89\xb5eo\xbb]u\x00w\xa9\xfd#u\x80\xd7Eb\xa4\x90\'\x9e\xb3\x11D\xbb\x1d\xc1\xf8m\xa6"\xc5\x85K\xeb\xf3\x0b\x92\xd7G\x98g\x93\x1e\x91Q\x97\x84^\xc3\x0e\xec\xa0k%\xbcW-i\x04\xc0\xef\x1d\x0e\xcc\x08\x04\xb0&lt;\xb6\xa1\xfce\xee\x17I bRB0\x857\x86\xe3+\xed\x9e\x01\xd0\xef\xad^M\xd6\xf3\x82\xb2x\xe4\xe8\x1cD\x81j\xe1;\x05c&gt;\x82j\xbbc\x8c\xdcL\xac\x01\xb9i\x80*WW\x1dF_\xcc\x01\x04i\xaf\x91\xaa\xae/\xb7W.\xd8{\x06;\xc3\x02X\x14a\x0c3\x06S\xa1$\x06\x1a}*_cq/r\xcbX7S\xbcVcm^\x07\x85\xb5\x85 \xc9 \xc8\xe5\xcb\xa4\xd0\xefR\x92Q\r\xc9\x97\xce\x1f\xc4\xed\xddPU\x81\x9d\xa0\xc8&gt;\x87\xaf\x91\xd6\xa6U7!g9b\xd61~ko\xa2b\x14m&lt;\xb3F\xce5\xd3\xa6\xc7xG\x16\x17\x01\r*\xcar\xb2\xb6\x8c\xad\xfa_\xcf\xa1\xd8\x884\xfa\xedR\'!I\xa7\x06\x98\xd3S\x893\rZ\xb1x[wT\xa5\xc4WS\xa1V\x00\x83\xeck*y\xa0\x0eQ\xdb\x0f\x82\xd6nM\xcc\x0bw/\xbft\xd2m\x9f wO\xb8\xf2\xae1\xc78\x1e\'\x07s\xba\xc4\xdakm\xcauV\xf3V\x1a0\xaf_\x86\xa8|c\x84X\xc5[6\xb1\x16\x96\xe2\x1eL&gt;\xe0\xee\x0f\x98\xa8\'\'\x8f\xb3\xd2\xae\xdd\x8d\xf8\x11d\xbb\x1bX\xbb\x88\x84\xf8P\xa8b\xa3\xa6nt\xa8\x0c\x9dvi\x8d=5\x04\n\x95*T\x00\xa9R\xa5R\x02\xa7\xa6\x14\xe5\x80\xdc\xc5\x0f\x80\x130PX\x98\x00I\'\x90\x1b\x9a\xe5\x9d\xa7\xf8\x8c\xcf)\x87-iT\x9f\x1c\xf8\x9b\x90\xd2&lt;+\xcf\xae\xd4{\xe2_\x1e\t\x866\x91\xd6nHbv+\xcd}\xc7\xf1\xd6\xb8\xa61\x89\x80\x01\x00\xfdX\x89\xd7\xf7\xac:\x8b_\xc3\x17\xc1\xd3\xd1i\xe3\x879\xa0\x82ql]\xeb\x85\x9b\x15\x88\x92F\xd7]@\xe5\x00\x03\x07\xa5H\xbf\xc2Z\xf66\xf5\xc4%\x02\\b\xd7A  S\x12\x08\xd6t\xd0\rkW\x06\xc2\xe8\xd7\x1d\xb2\xad\x97B\x00\x00\x87 \x93\x96z\x98\x1b\x03\xa14N\xcd\x8c\xf6\x94b\xf1\t\x85\xc2\x96\xce\xc9\x9c\x0b\xb7\xc93\xe2\x83(\t\xf7\xf2\xa4E\xc9\xbc6^\xe9\xc6/\xd2\xbd\xbf&amp;\x9cm\xc4\xc4J\x96cm`5\xd7\x97\xb8\xd9\x01\x08\xb9\xcc\xf5\xd2\xda\xce\xfa\xeaI\xa2\x1c\x13\xf16\x13.!\xaeY\xb0\xca\xc1\x19\xc0\xef{\xa5`\xdd\xda\xb4\xc5\x80I\x04\xe9\xacr\x8a\xd5\xc5;a\x84\xc3\xca\xe0\xd6\xde\x9a\xf7\x83\xfa\x84\x0f\xed\x82r\x8eZ\xc7\xa1\xaa\xc6#\xb4f\xfc\xbb\xdbk\xd0@&amp;\xebxD\xed\xa4\x80&gt;\x94\xc8\xc6M\xe4\xc3\xf4A\x1e\xd1\xf6\x8a\xcd\xfcW}o\x10\x12\xe0]X\xe7)s.\x8a\x1c\x84&gt;(\xd2b&lt;\xc5\x13\xe1\xd7\xc61-|\x81\xc4\x81\x11\xac\x19\x02y\x9e\x86\xaa6;_f#\xf06}\x87\xf9\xac\xadv\xb2\xdeu"\xc9\xb4&amp;\tH\x00\x7fq\x1eT\xcb*\xdd\r\xacu\x16\xb8H\xbe\xe11\x1d\xd8kN\x99\x94\x9f\xea$\xc1\xd6@d?\x95\xf4\xe7\xa1\x984\x03\x88\xe0.[\xb9\xde&amp;6\xd9\xc3\xc4\x94`\x89yA\xe4m\xb2\x90\xda\xc6\xaaO\xb5\x128\xde\xf2\xe0+\x98\x83e\xb3\x13\xb6`AP\xa4o\xa2\x8d\xfa\x9a\x87\xda\xfe\x1e\x8aW\xbd\x07\xb9\xb83\xa5\xd0$\xdah\xd4k\xb8\xe7\x1e\xa3\xa4e\xabr\xf4\x8b\xba\x18\xb9\xb5\xd3\xa8\x13\t\x8a\xd5Ov\x92w*\x02\xc8\'\xe6\x81\xe1"9\x1e\x9e\x94_\x83q{f\xe8R\x19[e\nH\xf1\rdF\xa3m\xf5\xa1\xbc?\x07l+\x0c\xe36\xc8\x03\t"\x06\xa0s\'\xf8\xa0\xb8\xdcp\xb2`\x89y\x9c\xc0\x91\xea44\xe4\x94\xa5\xd0c\xaa\rnGc\xb9\xdaQl\xab\xc3f\xb6 \\\xd0\x12\x87\x93\x01\xa3.n\\\xa64\xde\x82v\xb3\xb4\t\x89\xc4a\xef[\x84\x81\x17\x96`\xbf\x89O\x86F\xf0X\x02v\x91UN\xcd\xf6\xa6\xd3\x9e\xee\xf0(\x8cc;\x19U\xd2\x01:O@yF\xbd)\xafX\xbc\x98\x8e\xe1\xe1\x97\xc2\xd6\xdc\x15\x86B\xc6\x0c\x8dZz\xff\x00m%F\xd8\xb6\x9b\xe0\xa5\xd1\xa7\xcbk\x1e\xae\xa9\xfb&gt;\xe7M\xc1\xfcA\xb5\x87R\xac\xd7.\x8d2\x06\n\x18o2\xd3\xa8\xf6\xa7^\xd3\xe11\xec,\xba\xf7L\x7f\xe9\xb1\x823r\x07\xa6\xbfz\xe4v\xb1ix\x80\x08\x04O\x83@H\x9d\xd4\xfeo\xdf\xca\xa5\xad\xdc\xa7h\xd7Mv\xa2\xcb-\x8e\x13\xfb\x1d:t\x1a{*~\xff\x00&gt;\xdf\xa1\xd08\xcf\x04[\x8c\xc9\x88\x94\xba\x01\x02\xf0\x82\x18D/| \xe6]\x86q\xaf^T\x1e\xdfg\xb1B\xea\xdb/jr\x06\x04\xbeB%\x8a\x8c\xactc\xe1\x07x\x83\xbe\xf1\xa7\x13\xda\xfb\x8ff\xdd\xb0Gz\x86U\x88\xd4\x01\xcb\xa3+\r \xed[\xadbW\x17l#8\xb0\xf2J\xa9\xff\x00\xa4\\n\x14\x9dm\xce\x86\'.\xd5G4\xd6R\xfb\x9c\x95\xa4p\xb1B\xee\x13\xcf+\x92\xed\x80\xc3\xe3\xda\xd8[\xb8{w\x8a\xe6Qr\xf5\xd0Kx\xbc$\xe5Y\x00k\r\xa9\x8e\xb5bn\x11r\xe2\x06vKx\x80 \\\xb2\t\x19F\xc8\xe1\xff\x00\xea.\xfb\xc6\xfaEq{\x9cG\x13\x84p\x8c\xd7\x10\xef\xf3h|\xc4\x18"\x8dp\xcf\x88x\xbbgW\x17\x07\xe9q\xfb\x11M\xafW\x15\xc4\xe2\xff\x00&amp;\xd7\xe12k5\xcdH\xe9\\\x07\x1f{;\xe1\xf1*\x16\xea\xea\xa5g%\xcb\x7f\xad\t\xfb\xae\xe2\x8d\xd53\x84|F\xc3\\\x81uM\xa6\xea|K\xf5\xdcU\xbf\r\x8a\xb7pf\xb6\xea\xc3\xaa\x90k}V\xc2k\xd2\xf2s\xed\xd3\xdbK\xc4\xe3\x83e*r+\x1ap\xa1\xe9\x03MJ\x802\xcdJ\xb1\xa7\xa0\x064\xa9R\xa8\x01SR\xa5@\x08S\xc5 (7\x1d\xed\r\xbb\x00\x80s?A\xcb\xd6\x97m\xd0\xaa;\xa6\xf0\x86WT\xec\x96\xd8,\xb2W\x17\xe2\xa9e\t$f\x8d\x05s\xfco\x1b\xbdp3~Q$\xeb\x03\xebPq&lt;F\xe5\xe6\x93\xb9;\x7f\x11X\xe3\xf0\xc1b\xd5\xc6\xc8\x8c\x17\xbc \x03\xa4\x96&gt;(\xd0\xc4\x08\x12D\x7fup\x9d\xd2\xd6\xd8\xd4\xb8\x82\xf6\xcf\xe4\xeeCO\x1d,\x17\xbc\x98\x01\xb8\x9f\xe2\xaf y%s\xad\xb4R\x0c\xb4f\x0f\x17!@\xd3\xf3D\xcf\x95\x0b\xb1\xd9\xecf-\xd9\xbb\xb6U\r\xb9\x1f1\x9dbH\x07I3\xb6\xddh\x86.\xd25\xc1r\xde\x8c\xb7X\xab2\xee\xbe\x1c\x93\xa6\xa4e&lt;\xaaW\x10\xed\x06%\x83dT\x0b\xf2\x84|\xcd\xe1\x88#\xe6\x83#y\xae\x8dj\r}\x04\xd9\xbf\xd9u\x03\xdc\xe18\x8bh\x15\xad]T\xf1\x18\x8d$\xc6c\xd2DE\x0c8R\x84\x80\xf7\x13\x91\x04\x96\x1e\x85L\x8a\xb2\xdb\xc6\xe21\x16\xfb\xbb\xc4\xb3FUi26\x89\x1a\xeb3\'\x9c\xc5,&gt;.\xe2\xa6V\x16\xd9?(p\x0c\x125"z\xf3&gt;UF\x96},\x8d\xa9\xfcQEQ\xd2\xd2\x96\xd1d\xa9P\xe2\xd8\x83\xa0\xd1\x92\x0eC\xcb2\xd0\xc4\xf0\xb1U\xcb\xe2\xf0\xb2\xb6\x83B\x08\x99\xd4j\x01\xf6\xab\xe0{W!\x86\x1e\xdf\xca&lt;V\xfc\x19N\xad:\x18\x06F\xfbyP.5m\x12]\xd3#\x1dT\xa8,X\xcf\xe6\'I\x88\x9e\\\x856-\xa4%\xc1{t\x02\xe08Aw!9\x10#\x9c\xb0&lt;\xba@2}:\xd5\x8a\xd7g\xd5W\xc4AnK\x04\x19\x00\xf3\x8d\xa7\xcfX\xa2x\x0c\x18[`\xdb`\xc0\x84\x83\xb4\x96\x05\x8c\x89\xda\'cR0w\xf3\x9c\x84\x01&lt;\xc8\xde6\x83\xcbj\xab\x94\x98\xc5\x08\xa2\x0f\tt\xb7qB\x99\xcca\x93\xf4\x03\xb3t\xfau\xa3\xd8`\xd7\xac\xdc\xb3wt2\xbeDx\x87\xb7*\x04\xd8tR\xd6\xcf4,[}s\x0f&gt;r"ko\x05\xb5t/{\x9f\xe5$\x01\x1a\xb8\x1a\x9c\xd3\xe6\x0cUd\xbdY\xc9U\x1c\xb6\xfe@_\xc2f\tu\xee\x0c\xe4\x92\x01\x88U\x1b\x9f\x0fBG\xd2\x80\xf1K$\x96\xbc\xa32h$\x91=&amp;\'m\xaa\xc9\x81\xc3\x86\xc4wl\x0cK\\\xc8\x00iPA\xcb\xee?j\x85\xdb\x0e0@8kvE\x9bM\x04\xe9\xabA\x98\x1f\xa4\x03\xcb\xca\x9d\x07\xce\nJ),\x80\xf0k02\xce\xfb\x8d4\x12\x7f\xe7\xa5\x1e\xc7J%\xa3"{\xb5\n\xcb\xa7\x83\xc4\x17}N\x8c\x06\x9bkB8~1\xd0@c\xa4\x907\x12bL}+w\xe3\x98\xe6\x95Yx\x9d7\x00\xcf\xb6\xa0Lo\x15f\xd6\x19M\xb9h\x1bz\xc3\x06\x82\xa6F\xbak\xb7=(\xb6\x13\x89\xcc\x0b\xb2\x7f\xbc\x0f\x14\x7fp\xfc\xde\xbb\xfa\xd4\x9c5\xe4\xb9p@\xc9\xa0]I\xda\x08$\xe5\x89\'H\xa6\xe3\x1d\x9f\xbd`\x0b\x92\xafd\x98\x17Wmf$n6\xd7M\xea\xad),1\xb0n\x12\xccY1\xd5H\x0e!\x87"5\x157\x0fs:\xb2H,\xc2@\x1b\xc8\xfew\x1e\xf5[\xe1\\H\xda\x84\xb8\x0bZ,\x0b(\x89\x13\xa1dc\xb1\xdbC\xa1\x8dz\xd7D\xb7\xf0\xfc\xdeE\xbd\x86\xc4+\xa3\t\x065\xea&amp;\x0e\x86\xb3y\x12O\xba5Yt-\x82\xcb\xdb$\xf3\xfa\x95\x15\xe2\xe7"\xdbYe\x1f2\xdd\x01\xd6z\xa0:\xaf\xa8\x8a\x8de\xe3\x9d?\x15\xc0\\\xc3\xdc6\x9c\t\x1d5\x07\xccT\x1b\x97\x0e\x91S\xb3&lt;\x0eMC\x94\x11lG\x9dl\xc1q\xcb\xd6X5\xa7d&lt;\xca\x92?\xfb\xa1\x06\xe7*\xd4Z\x85J/\xe77\xc3;\x87a~"\xf7\xa4Y\xc5\x11\x98\xc0[\x9dOF\xff\x005\xd2H\xaf&amp;a\xae\xb0 \xa92+\xbe\xfc9\xed\x1d\xecE\xa0\x97Fb\xa2\x03\xff\x00\x9a}Wl\x92\x84\xdf^\x877[\xa4N.\xda\xd6;\xaf\xd8\xbaR\xa4i\xabq\xca2\xa5MJ\x80\x1e\x95=1\xa0\x06\xa7\x02\x9a\xb1\xbe\xf9U\x9b\xa0&amp;\xa1\xbc,\x92\xb9\xe0\x05\xda\xbe&lt;\xb6W"\x9f\x19\x1fA\\\xc7\x15\x8a.\xddg\x9c\xd6\xfe9\x897.3\x12w5\x1f\x05\x92\xda\xb5\xcb\x87\xc0\xba\x9eg]\x80\xf3&amp;\xbc\xa5\xf6\xcfUf\x7fD\x8fY\xa5\xd3\xc3KV__vL\xb6{\x94k\x8c\xbe"\n\xdb\xf3c\xbcGA\xac\xfaS\xe0-\xbb$&gt;\xaf\x9bf\xd9A\xe4\'A\xd6(.7\x89\xdd\xbcG\x8c\x80\x01\x80\x07\xc8\xa4\xcc\x0f\xb6\xbe\x9d)\xb0\xdcM\x99r\x8d\t\x19A\x1eb3\x01\xd7z\xdb\r+\x82QO\xeae\x95\xeaM\xc9\xf5$q,Z+\x14\x91\xa1$\xb0\x04\x99a\x104\x82t\xdb\xcf\xeb\x13\x11\x88EY]@\x00\xeb\xacO\xea\xf6\x8d+\x0co\x0f\xeeB\xe4RZS6\xa6Y\x86]&amp;\x0c\x1d\x17\x90\xde\xb6$=\xbc\x87\xc0\xe2C\x02\xba@\x9d\x07=4\x1e\xf5\xba5\xc61\xe0\xc6\xec\x94\xe5\xc9\x1e\xcd\xb8\x1f9bu\x90w\x9deF\xdc\xe3\xe9\xd2\xb1\xb5h&gt;\x8d1\xd3n\xa7\xa4\x9a\x8d\x8aR\x8cG\x82\t3\x13\x04\xc0\x1e\x16\xdf\x9f\xda\xa4a5\')-\xb1 \x99\x00\x1d\'m\xcfO:\xab\x82%O\x1c\x12W\x0fn\xda\xe8\xf9VL\xc0\x8f\x9b\x97Q\xfe\xc2\x97\x10\xc1\x06\xb5\xe1 \x80\x8cD\xc6\xa4\xeb\x90F\x87\xaf=\xc5H\xb1f\xd9\xef\x04\xc3\x00I\xfc\xc6@\x90\x07\xdbZ\x1d\x89\xc6\xb6^\xec\x10T+4\xeb\xa4i\xac\xf9\xce\x95g\x9cpW9|\x87p\xb8\xfbwV\xd6A\n-\xa9\xe5$\x8d\x15|\xce\x91\xed\xe7QW\ro;\xbeh\x83\x95\x14\x18\x1a\xfc\xccG\xa9#\xd8\xf5\xa8}\x9cb\xb8d\x90G\x80\xb0b4\x8dH\x8e\xba\x9a\x94qj-\x88Q9`4\x1du\xf3\xdfSUI\xac\x97\xe3\x82\xaf\xda&gt;*-\xdf\xb6N\xc5\xb30\x1a\x9c\x89!Di \xb1c\x1f\xda:Q\xfc\x1f\x13VP2\x88bL.\x93\x98L\xe9\xebU\xfe!\xd9\xff\x00\xc5]\xb8\xdd\xe4\x15"\xdas\x92\x83\xc71\xb4\xb6mh\xbf\x02N\xe2\xd8\xb2\t\xcc\t$\xf5\xd0@\x07^B\x99f\xdd\xab\x1dD\xd3\xbb{\xcfFn\xc3\xe1b\x194\xcd9e\xb2\x99\x9d|[\xedP;K\xc2Q\xac\x86\x94\x17K\xae\xbbf\xe5\x06\x04\xe6\xd4N\x9c\xaa\xc1\x88\xb4\x1a\xd8pH\x8d\x07B\x0fQ\x1e\xbfSC\xae\x9bd a \x18\x9d4\x07S\xcb]\x80\x07\xce\xab\x19`\xbc\xa3\x92\xadc\x87\xc1\x93\x97\xc2c,\xb0\x91\xa8\xcd\xa8\x04\xf2 \xfd\xb7\xa9\x9f\x83\xb6\xe4\x90c*\x80\x07V$h~\xfa\xf9\x89\xa2\xdcC\x87\x19.\xb0DI\x1a\xec\xda\x8fz\x1a\x97$\x91\xa0:\ra\xa7\x94k\xb8\x14\xec\xa9\xae\x08\xdb\xb7\x93\x0cg\x0f\xca\x82\xe0mb}"sj\x0f(\xdb\xcf\x97=\xfc\x0f\x8c \x1d\xd5\xd0\xcdi\x98\x96PO\x84\x9f\xcc\x07=\xb6\xe6&amp;\xb7\xdc\xb4\xc4\x18\x12\xb0&lt;$\x02\x18s:y\x86\x025\xd2\x84q\x0b\n\x872\x19\x04L\x11\xb78\xff\x00\xb7]\r&amp;=\x8b\xcf\xaeL\xb8\xdf\x0eTf6[=\xbc\xc7,\x88%gB\x0c\xc1\x1bk\xf6\xad]\x9e\xe3\x98\xac\x15\xc1s\rq\x90\x91\xaa\x91(\xc0\xfe\xa4:\x1a\x9f\xc3x\xa8u\xc8\xeb\x10\x08\x10\'^\x9bt&lt;\xfc\xaaF\x1f\n\x8c\xd9J\xc1a\xe1#I?\xa7Z\xbe\xec}H\xdb\x1b:\x91\xb8\x97\x1elQ/z\xda%\xc9\xd5\xad\x02\x14\xf9\x95$\x95&gt;cMyP\xeb\xd8vS\x0c\x08=\x0e\x94{\x11\xc1\xc0U``\xea\x1b\xd3NG~\x7fJ\xc5\xf1\xec-w\x0e\x01\xca\xc1U\x99\x01*\xa4\x12\x00&lt;\xbf\xda\x95\x19E\xac\xa3F\xe9C\xd2\xf9Ew!\x89\xd6)%\x99\xab\xbf\x08\xec\xdd\x9cJ\xba)\xc9t\x00R[\xc2\xda\xc4\x1c\xdb\x1f:\xb3\xf0_\x85.\x087\xdd@\xe6\x17SS\xbao\xe1Y\x0f2\xa8\xfcR\xc1D\xec\xaf\x00|E\xc5T\x13\'\xe9\xeb]\xd7\x0e\xb6xv\x1dV=H\x1b\x9a\x99\xc1\xf85\x8c2\xe5\xb4\x80u&lt;\xcf\xa9\xa98\xcc"]\\\xae\xa0\x8f:d4\xd6$\xe5\x9fW\xb7da\xd4kckP\xc7\xa1}\xd8+\x85\xf6\x99/0P\xa4N\xd4p\xd0\xcc?\x0c\xc3\xe1\x81p\x02\x81\xcc\xf2\xa7\xc2\xf1\xdb7\x1b*\x935zl\x95iF\xf9-\xcf\xa1\x9a\xd8Fo4\xc5\xedA*T\xa9\xebf\x0c\xd9FT\xd5\x95(\xa8$\xc4\n\xae\xf6\xdf\x8c\x0b6\xb2\x03\xe2\x7f\xda\xac\x18\x8b\xa1\x14\xb9\xd8\t\xae)\xdb\x0e,o]f\'I\xd3\xd2\xb9\xbe#\xa8\xd9\x1f.=e\xf8:^\x19\xa5\xf3l\xdd.\x88\x1bs\x10Y\xb4\xdc\x9f\xde\xb5\x9b\xa2\xe18vr\x81Y\x89\x8dAq\xa0$\xf3\xd0\x11\x1c\xa6\xa26 \x88#\x96\xd5\x1b\x0fuE\xe23\x12\t\x9c\xcc"\'R#\xd6k&amp;\x8a\xb5\x1c\xbcru\xf5\xd3m$\xba\x131L\xd6\xdcA\x12H\x05H\xdev=j_\r\xe1\x97\x18\x125\x03\x94\xc8\xd0\xe8T\x9fQ\xf4\xac1\xb9_\x9c\x9du\x98\x81\xb4i\xb6\xfb\xd6|;\xb4\x0fl5\xa0\xa0\xa1:\x1ek\xd6z\xfa\xd6\xc6\xceo!\x0b\xdc^A\xb7\x10\xf2sN\xd2u\x99\xdf\xe9P\xb8\xaa#\x03\x96\xe3\x03 \x92\xda)\'p\x08\x8c\xba\x89\x9f\xf3R\xf1Xe\xee\x99\x83\x1c\xec\x0e\xaa\x01npu\xdc\xd0.(\xed\xe16\xcbj \xc8\x89;j9\x1adVE\xcb\x83]\xdb\xee\xd1l\x16\x1blcc\xa1\'\x99\xa2\\3\x124\x05\x88\x9c\xc6WL\xc7M\xcf\x97\x8b\xa6\xfdh)\xc3h\xb2\xc30\x00\xe8G0d\x88\xde"\xb4\xa5\xe9\x8c\xb3\xa1\x9d\x0f\xcc\x06\xe7^_\xc5\t&amp;Cx.8n\x122\xf7\x85L\xc0\x90\xc6&amp;A\xd6Dk\xb1\x83\xca*\xb7\xc4\xf0\xadu\xcd\xabc*\x92\x05\xcb\x9aO\x98\xff\x00\x9dkc\xe3\xee|\xae\xed\x97\x90,r\x8egO\xe3m\xaa=\x9cj\x85\xdc\x80u\x03rA\xd8\xcf\xda4\xaa5\x97\x91\x91\xc2Xe\xb5@{I\x87\x1a-\xb4n\xedr\x8f%\xdc\xeb\xccr\xde\x82q\x81z\xd5\xbc\xb1\x19C\x10~\xac\x08\xe4w\x9a\x9d\xc1\xf1\x80\xa9\xf1\r\x07=\xbe\xf4\xfcc\x1a\xb8\x86dS\x04)\x8f8\xd0\x8fpt\xa5\xa6\xd4\xb05\xc7+\x82\x97\xd9\xc2\x02\x02\x1d\x98\x96\xcc\xe0\x98\x82w\xd4\x99&lt;\xa7\xae\xb5ek\xe9\x91Y\n\xcc\xc9U\xd3\xd4EQ\x8b[\xb5\x89a\x9c\x80\xbc\xe3\xf3\x81\xa8#\xa6i\x14\x7f\x87M\xc2 \rD\xc9\xd0\t\xd7\xf9\xda\x9bty\xcb\x13L\x92X^\xc5\x9e\xdb\x86\xca9\xea\'4\t3 \x99$i?QX\xdb\xba\xa8\xc4@\xca63\xb1\xd6A\x9fm\xea\xbf\x88\xe3\x12\xdd\xd6a\x99\x08\x19\x90\x080z\xfe\xf3[\x0f\x19\xb6I\xcd\xe1:\x83;\x18\xd6#\xdf\xedU\x94_\xb11\x92\xf7e\xaa\xe2[\x00\x82\x173\r\x18\xecO\xb0\xd0\xd0,\x7f\n\x01\xb3\x12\x15\x86\xab\x11\xafMG\xf1R8?\x10K\x8e\xa3\xc2\xc2&lt;!\xe4y\x12\xa6c\x9e\xd5#\x19h\xc9b\x00E\xd0L\x83\xae\xfb\xe8\xbc\x8f\x9c\xd4\xa4\xc3r\xc81q\x06!\xe6u\xd6&gt;\xf3\xd69\xc4\xfa\xd6\xacV)n\x051\xb8!\xb2\xc8\x19\x84\xa9m=\x9bH\xdfj\x9f\x8b\xb0\xe5 \x83 \x03\x1b\x8e\x87Q\xe5P\xee`\x19a\xd4\x9d#\xc2\x06\xbe\x93\xacz\xd4\xa7\x9e\xa5\xdbL\xae\x9b%\x1c\x10\xd0v0&lt;\x86\xba\x18&lt;\xfa\x1d(\xcd\x97v\x02\x01*5\xf0\x93\xb8;\xc4h\x7f\xc5m\xc3_K\x84)\x19\\\x10`\x8d\xc0\x07I&gt;\xb3X\xde\xe1\xe4\\,\xb9\x84\xae\x8c\xa7\xe5\xd6G\xac\xf4\xa1\xf3\xc3\xeaSc\x8b\xccC\xb8lF\x7f\x13\x1f\x18\x8d\x1a\x08nD\x89\xf6\xf0\xd0\xae7\xc3\xdb\xc2\xb03J\x02\x06\x9a\x12\x06\xa3\xcag\x97:|6*\x19R\xe3,6\x81\xa3Y\xf3\xe8dT\xcb\xa6\x0eO\xccH\x00\x89\xdby\xf6\x8aK[\x19\xa22\xdc\xbea\xfb&lt;&gt;\xde\x1d\x04\x9f\xc8\x14\xb1\xdd\x9a`~\xe7\xe9W\xde\xc8\xf6\x8916T\x10U\xd4\x01\x0cu \x08\r&lt;\xff\x00\xcc\xd7.\xc3bJZ|\xe41\x0cYY\xcf\xcb\x9aN_&gt;\x7f\xea\xa9\x18\x0e1\xdd\xde\xb6\xc8t\x8f\x17\xd7\xfd\xcd5\xda\xe9\x8e\xff\x00\xa7\xd8\xcd*&lt;\xe7\xb7\xdc\xec\xe4\xd2\x06\xa3`q"\xe2+\x0ebkx\xad\xe9\xa6\xb2\x8eSXxd~1\x87\x17,\xba\xf9\x1a\xe6XLGt\xfa\x13 \xf3\xae\xb2\xb4\'\x13\xd9\xcc3\xb6b\xb0\xdeF\xb9\x9e#\xa1\x95\xee2\x83\xe5\x1d\x1d\x0e\xb24\xa9Fk\x86B\xc3v\x81\xf2\x89\x03n\x94\xa8\xcd\xbe\x15h\x00\x02\xedMB\xd3\xeb\x12\xf8\xd1Gv\x9b?\x08F\x9cSS\x8a\xea\x18J\xff\x00mq9lGZ\xe2\x98\xe3,}k\xaf\xfcAo\xe9\x8fz\xe3\xf8\xc3\xa9\xaf9\xab\x93z\xb9|\x92G\xa7\xf0\xb8\xa5\xa6\xcf\xcc\x85qt\x8a\x8a\xb9K\x80NQ\xcc\xc6\xd51\xea=\xcb@\xefN\xaeX-tr\xb0\x89&lt;B\xdb\xdaUp\xa0\x83\x1e-\xd5\xba\x1f\xf6\xad\xdc\x1b\x16\x81\x8d\xd0\x01q\xa6P\x14\x13\xd2A\xd0\xfd)\xb0\xd8\xebV\x90\xdb\xbbq\xcd\xa3?\xd3\xee\x95\x88\x07Y\x0c\\G\xd2\xa2Z\xc0\xd9,.a1\x0b:\xc2\\\xfe\x9b\xfax\xbc\'\xd8\xd6\xe4\xb3\xc9\xcb\x96W\x01\x9e\x1d\xc3\xcd\xdc3\xde\xb8]X\\\xcb\xdd\xaa\x93\x95f\x03n=Lt\xda\x80b\xf1\x0e\x8eT\x11\x9ay\x86\x1a\t\xd4y\xfaQn\x1f\xc6\xaf\xda&amp;\xd5\xfe\xf0\x16:\xb1\x03m\xa2\x08\xe9\xce\x8e\xe2\xb8x\xbe\x01Sm\x9e4!\xa3MI\x9c\xc3\xc2cx&lt;\xea\xfb\x92\x17\x86\xcan\x1c\x02\xa6A \xc4\x10G\xda9m\xf5\xa98\xee\x08\xb1\x9b6\xa1A_\xcb\xafC\xd4G:\xc7\x18\xc1\\\x06\xb2\xeb\xb4\xab\x025\x1f\xa6\xb6\xe2\xb1\xee\xe4xaN\xd9\x8f1\xb1&gt;UH\xc9\xe4\xbb\x82h\x83\x8a\xc5\xa0X\x04\x92 N\xf3\xb0`A\xf4\xa1\x0f\xc4\xf2\x80#6\xbb\x104\xf4\xad\xfcB\xc0\x04;\\F\x93\xaa$\x929\xc91\x1fz\x1b\xc4Y]\xe5\x01\x02\x04\xcf^~\xdbS\x14q\xd4\xab\x97bv\x17\x8a\x92J\x83\x029\x98\xf6\xa2v8\x9bXN\xf5#\xbc:\'\xae\xbe/j\xaa\x9bU\x92,\x1a\x89V\x9f \xac\x960D\xbbe\xa4\x93\xa9&amp;I=MmN!qW$\xe9\xfct\xa2x{E\xb9{\xd3_\xe1SV\xf3c\xd2B\xbc\x99.b\x08\xc3\xe2\n\xb0&gt;uo\xb2\xa9\x7f)\x0c\xb9\xf4\x89\x8fM\x1b\xf85W\xbb\x80+Oa\xde\xd1\x05Z&lt;\xaa\xd2J\\\xa0\x86\xe8\xf1$\\q\x98\x17\x004e\x80uA\x02u\x82yVv\xef_*@!\x95\x86R\xacu\x1c\xb3o\x03\xe9C\xb0\xdd\xaa7\x00\xb6UW\x91\'_R?z3\x82\xc1\xe72\x14\x15\x04H%\x84\x83\xbcF\xc4\x8a_+\x867\x86\xb2\x82x\\Wx\xac\xb3\x96\xe0\xd3\xbb-$\xf4\x83\xa1Y\xd4Mm\xb1|\xdd\xd3\xe5\x02A]\xc8``\x83\x1c\xfe\xc6j\x12pB\x1cfh\xb5$)\x00\x102\xe6\x19n\x16\xd7.\x91\xd4O\xd2N).\xa3\xf8T\x93\xe1\x90\x1cj:\xac\xee \x11&lt;\xe4TJ!\x19\x91x\xc6\n\x132\xae\xb9\xbea\x13\xb6\x83}~\xfbV\xe4\xba^\xda\x90 \x1c\xb9\xb4\xd2?\xcdgr\xca\xdeD,\xb7-\xb0#c\x96:\xf3\xf6\x8a\xc3\x02\xa53\x80d\x060\x08\x8d\xc6\x9eG\xaf\xbd&amp;o\x08\xd5W9F\x18\x94\x9d\xe6u \xce\xa6I:\xef\x04\x12}D\x1a\x19\x8c\xe2.\x144\x13-\x01\x8e\x84e\xdeG9\xdf\xa5Y0\xb7\x14j\xd30G\xa9\xe5\xcb^T\x0b\xb4\x18\x85\x03!\xcb\xb0\xf0\x8d"\x01\xe5\xe6?sFT\x9e\x08\x9cZY@\xdb\xb8\xb2\xd6\xd5\xd8\xe6$\x99\x93\xafP=+\x1e\x19\x8e\x97\xd7m#\xda\x86\\%\xb6\xd0t\xf2\xa9\xdc=D\xea=\xea.\xc3\x86\x02\x97-\xf9;\xbfaq\x81\xac\x01;U\xa4W,\xec\x164\xab\xe5\x07C\xd6\xba\x92\x1d)\xde\x1df\xea\xb6\xf6\xe0\xc3\xaf\xabe\xad\xf7\xe4{\x8d\nO@MP,q&amp;\xfcD\x96;\xd5\xf7\x11k:\x15\x98\x91\x13\\\xf3\x88\xf6r\xed\xbb\xb3\x98e:\xcc\xc7:\xcb\xe2\xca\xdfD\xa1\xd1\x0e\xf0\xdf-\xee\x8c\x9f,\xe8\xb61\nT\x19\x1a\x8e\xb4\xf5\\\xc2\x04\x08\xa0\xddY\x8e\xb4\xabDu\xb2\xc2\xe3\xfe\x88\x96\x91e\xf3\xff\x00\x0be3\x13\x1aD\xf9\xd2\xa7\x15\xd01\x95\xfe\xdb`\x8d\xcb\x04\x8d\xc6\xfe\x95\xc5q\x89\x04\x82+\xb0\xf6\xff\x00\x89\x15\xb0l\xdb\xd6\xeb\x8f\x94\x10\x0eA\xf3\x1dMp\xcb\xd8\x86-\xd6|\xeb\x87\xab\xa77\xb9.\xcb\xeez?\x0c\x9bTb]\xf87\xe6\xad\x17\xe7q[N\xdd+4\xb7&lt;\xa9i\xa5\xc9\xb2Q\xcf\x00\x8cC\x96\xd0\xeb\xe8*;\xe0\x98\t\xfbU\x8f\x11\x86RA\t\x96\x06\xb1\xcf\xce\xb5\xf7\x0b\xac\xeb\xebZalq\xc1\x92UK&lt;\x91\xf8o\x10\xbfm2\xced\xff\x00\xcb\xb8\xa2\xe2{+\xc8\x1e\xd4J\xe7\x11[\x8a?\xa1n\xdb\x8f\xcdh\xb2\x0fu\x985\x12\xda\x8dA\xa5\x96H\x8f\xe2\x8f2L_\x95\x1c\xe7\x04\xb5p\xc8\x10\xcc\t 1\xd0\x13\xb9\x8fj\x83\x8e\xb5;}\xbf\xda\xa4\xdbS:\x8a\xdfp\xc5-\xcey\xc8\xd5\\pV1\x16\x05El5\x1b\xc7Z\x13\xa6\xc6\xa12\xd3\xa37\x812\xadd\x1el\xf9V\xcc=\x81\x98h=\xeaVJ`\x95g2\xbeZ7&gt;!\x17E\x12~\xd5\xa6\xf3\xb3\r\x04zR\xee\xeaU\xab^\x13\x14\xbe#\xc9m\x8d\x81\xde\xcdG\xbb\x86\xa2\xd7-V\x1d\xd59Y\x81n\xac\x80\xdf\x07V\xbe\xc6q\xc6\xc3\xb3\x06\x98"\x0eX\xcd\xa6\xc6\t\x96\x88\xe4\x0e\xc2\x87~\x1e\xb0\xbb\x85\x91Wv\'\xc3\x17\xe48\xf3\x12\xe9g\x8e\xe1\xaf[\xc9p\xa8\x93\xafv2\x8d\x0eiem\'\x97\xbdO^!f\xe6Ke\xd2\xe2\xc0\xf1B\xa9\x11\x11 i#\xa0\xaein\xc1\x9dD\xfa\xff\x00\x91\xa8\xa2\x1c9\xdd\x1cD\x01;1\x8fl\xd4&lt;{\x14I\xfb\xa2\xe9j\xf8\xb6\xe5Y\xa4\x11\x1e\x11\x1a\xb1\xd0\xc9 \x8f&gt;~u\x92\xd9e\xbc2\xf8\x8b~U\xd7m=\xce\xbb\xf9T\x1c7\x1a\xb2\x92\xac\xb1&amp;I\x05[]\xc4\x10H:\xd4\xee!\xda\xdb\x10\xa6\xda32\x02\xaaZ\x06\x87\xc8N\x94\xa9\xe5\xa7\xc0\xd8b-&lt;\x91\xb1M\x92\xe9\x06\']I\xda$\x8d\x7f\xe7:\xa9q\xcb\xc1\xae\xb9\x04\x19"X\x08\x10\x07*/\xc6\xb8\x96r2\x01\x05A:\x82d\xead\xf2\xd7\x95\x05\xc9T\xaf\xd3\xd4\xbd\x8d\xcf\xa1\xaa\xd2\xd1\x0c\x1a\x1d+\x0bVf\xac]\x9a\xe0\xcdu\xc0\x03\x9e\xbeT\xbb\xadX\x1dT1\xcb\xe8Z\xbb\x07\xc3\x98\xb8nB\xba\x92\xad\n\xec\xf7\tK\x16\xe1F\xbb\x93\xd4\xf5\xa3\x00V\xed\r\x0e\xaa\xf9\xea\xf99\x1a\xdb\xd5\xd6etC\xadV8\xe6\t\xb1.{\xbd\x97\xc2\x7f\x9a5\xc5\xb8\x95\xbb\x08K\xb0\x04\x8d\x072}+Wg\x1c5\xac\xc0\xcc\x92h\xd4\xa8_%C\x7f6V\x9d\xd5G\xceK\xe4\x80\x96{(\xd0$\x89\xa5V\xf9\xa5I\xff\x00S\xa6\xec7\xfd\x8d\xdd\xcd\x94\xe2\x9a\x95t\x8c n9\xc0\x85\xe7\x17V\x05\xc5R\xaazMR\xf0\xff\x00\rX\xdd-r\x082'... (set the log level to DEBUG or TRACE to see the full content) 
 </msg>
<msg timestamp="20200815 19:07:32.589" level="INFO">POST Response : url=http://ninjachef-api-qaninja-io.umbler.net/products 
 status=200, reason=OK 
 body={"_id":"5f385accfbba920016c6bc53","user":"5f3474e5fbba920016c6bb99","thumbnail":"thumbnail-1597528779892","name":"Carneiro Assado","plate":"Tipo","price":18,"__v":0,"thumbnail_url":"http://ninjachef-api-qaninja-io.umbler.net/files/thumbnail-1597528779892","id":"5f385accfbba920016c6bc53"} 
 </msg>
<msg timestamp="20200815 19:07:32.590" level="INFO">${resp} = &lt;Response [200]&gt;</msg>
<status status="PASS" starttime="20200815 19:07:31.885" endtime="20200815 19:07:32.590"></status>
</kw>
<kw name="Status Should Be" library="RequestsLibrary">
<doc>Fails if response status code is different than the expected.</doc>
<arguments>
<arg>200</arg>
<arg>${resp}</arg>
</arguments>
<status status="PASS" starttime="20200815 19:07:32.591" endtime="20200815 19:07:32.592"></status>
</kw>
<kw name="Convert To String" library="BuiltIn">
<doc>Converts the given item to a Unicode string.</doc>
<arguments>
<arg>${resp.json()['_id']}</arg>
</arguments>
<assign>
<var>${produto_id}</var>
</assign>
<msg timestamp="20200815 19:07:32.595" level="INFO">${produto_id} = 5f385accfbba920016c6bc53</msg>
<status status="PASS" starttime="20200815 19:07:32.593" endtime="20200815 19:07:32.595"></status>
</kw>
<kw name="Set Test Variable" library="BuiltIn">
<doc>Makes a variable available everywhere within the scope of the current test.</doc>
<arguments>
<arg>${produto_id}</arg>
</arguments>
<msg timestamp="20200815 19:07:32.597" level="INFO">${produto_id} = 5f385accfbba920016c6bc53</msg>
<status status="PASS" starttime="20200815 19:07:32.596" endtime="20200815 19:07:32.598"></status>
</kw>
<kw name="Go To" library="SeleniumLibrary">
<doc>Navigates the current browser window to the provided ``url``.</doc>
<arguments>
<arg>${base_url}</arg>
</arguments>
<msg timestamp="20200815 19:07:32.599" level="INFO">Opening url 'http://ninjachef-qaninja-io.umbler.net/'</msg>
<status status="PASS" starttime="20200815 19:07:32.598" endtime="20200815 19:07:35.271"></status>
</kw>
<kw name="Input Text" library="SeleniumLibrary">
<doc>Types the given ``text`` into the text field identified by ``locator``.</doc>
<arguments>
<arg>${CAMPO_EMAIL}</arg>
<arg>${email_cozinheiro}</arg>
</arguments>
<msg timestamp="20200815 19:07:35.275" level="INFO">Typing text 'eduguedes@gmail.com' into text field 'id: email'.</msg>
<status status="PASS" starttime="20200815 19:07:35.272" endtime="20200815 19:07:36.286"></status>
</kw>
<kw name="Click Element" library="SeleniumLibrary">
<doc>Click the element identified by ``locator``.</doc>
<arguments>
<arg>${BOTAO_ENTRAR}</arg>
</arguments>
<msg timestamp="20200815 19:07:36.288" level="INFO">Clicking element 'css:button[type=submit]'.</msg>
<status status="PASS" starttime="20200815 19:07:36.287" endtime="20200815 19:07:36.504"></status>
</kw>
<kw name="Wait Until Page Contains Element" library="SeleniumLibrary">
<doc>Waits until the element ``locator`` appears on the current page.</doc>
<arguments>
<arg>${DIV_DASH}</arg>
</arguments>
<status status="PASS" starttime="20200815 19:07:36.505" endtime="20200815 19:07:37.136"></status>
</kw>
<status status="PASS" starttime="20200815 19:07:31.803" endtime="20200815 19:07:37.137"></status>
</kw>
<kw name="Quando o cliente solicita o preparo desse prato" library="kws">
<kw name="Create Dictionary" library="BuiltIn">
<doc>Creates and returns a dictionary based on the given ``items``.</doc>
<arguments>
<arg>payment=Dinheiro</arg>
</arguments>
<assign>
<var>&amp;{payload}</var>
</assign>
<msg timestamp="20200815 19:07:37.143" level="INFO">&amp;{payload} = { payment=Dinheiro }</msg>
<status status="PASS" starttime="20200815 19:07:37.142" endtime="20200815 19:07:37.144"></status>
</kw>
<kw name="Create Dictionary" library="BuiltIn">
<doc>Creates and returns a dictionary based on the given ``items``.</doc>
<arguments>
<arg>Content-Type=application/json</arg>
<arg>user_id=${token_cliente}</arg>
</arguments>
<assign>
<var>&amp;{headers}</var>
</assign>
<msg timestamp="20200815 19:07:37.146" level="INFO">&amp;{headers} = { Content-Type=application/json | user_id=5f34722cfbba920016c6bb96 }</msg>
<status status="PASS" starttime="20200815 19:07:37.144" endtime="20200815 19:07:37.147"></status>
</kw>
<kw name="Create Session" library="RequestsLibrary">
<doc>Create Session: create a HTTP session to a server</doc>
<arguments>
<arg>api</arg>
<arg>${api_url}</arg>
</arguments>
<msg timestamp="20200815 19:07:37.149" level="INFO">Creating Session using : alias=api, url=http://ninjachef-api-qaninja-io.umbler.net, headers={},                     cookies={}, auth=None, timeout=None, proxies=None, verify=False,                     debug=0 </msg>
<status status="PASS" starttime="20200815 19:07:37.147" endtime="20200815 19:07:37.150"></status>
</kw>
<kw name="Post Request" library="RequestsLibrary">
<doc>Send a POST request on the session object found using the
given `alias`</doc>
<arguments>
<arg>api</arg>
<arg>/products/${produto_id}/orders</arg>
<arg>data=${payload}</arg>
<arg>headers=${headers}</arg>
</arguments>
<assign>
<var>${resp}</var>
</assign>
<msg timestamp="20200815 19:07:38.708" level="INFO">POST Request : url=http://ninjachef-api-qaninja-io.umbler.net/products/5f385accfbba920016c6bc53/orders 
 path_url=/products/5f385accfbba920016c6bc53/orders 
 headers={'User-Agent': 'python-requests/2.24.0', 'Accept-Encoding': 'gzip, deflate', 'Accept': '*/*', 'Connection': 'keep-alive', 'Content-Type': 'application/json', 'user_id': '5f34722cfbba920016c6bb96', 'Content-Length': '23'} 
 body={"payment": "Dinheiro"} 
 </msg>
<msg timestamp="20200815 19:07:38.709" level="INFO">POST Response : url=http://ninjachef-api-qaninja-io.umbler.net/products/5f385accfbba920016c6bc53/orders 
 status=200, reason=OK 
 body={"_id":"5f385ad2fbba920016c6bc54","user":{"_id":"5f34722cfbba920016c6bb96","email":"fernando@bol.com.br","__v":0},"product":{"_id":"5f385accfbba920016c6bc53","user":"5f3474e5fbba920016c6bb99","thumbnail":"thumbnail-1597528779892","name":"Carneiro Assado","plate":"Tipo","price":18,"__v":0,"thumbnail_url":"http://ninjachef-api-qaninja-io.umbler.net/files/thumbnail-1597528779892","id":"5f385accfbba920016c6bc53"},"payment":"Dinheiro","__v":0} 
 </msg>
<msg timestamp="20200815 19:07:38.710" level="INFO">${resp} = &lt;Response [200]&gt;</msg>
<status status="PASS" starttime="20200815 19:07:37.151" endtime="20200815 19:07:38.710"></status>
</kw>
<kw name="Status Should Be" library="RequestsLibrary">
<doc>Fails if response status code is different than the expected.</doc>
<arguments>
<arg>200</arg>
<arg>${resp}</arg>
</arguments>
<status status="PASS" starttime="20200815 19:07:38.712" endtime="20200815 19:07:38.714"></status>
</kw>
<status status="PASS" starttime="20200815 19:07:37.139" endtime="20200815 19:07:38.715"></status>
</kw>
<kw name="Então devo receber uma notificação de pedido desse produto" library="kws">
<kw name="Convert To String" library="BuiltIn">
<doc>Converts the given item to a Unicode string.</doc>
<arguments>
<arg>${email_cliente} está solicitando o preparo do seguinte prato: ${produto}.</arg>
</arguments>
<assign>
<var>${mensagem_esperada}</var>
</assign>
<msg timestamp="20200815 19:07:38.726" level="INFO">${mensagem_esperada} = fernando@bol.com.br está solicitando o preparo do seguinte prato: Carneiro Assado.</msg>
<status status="PASS" starttime="20200815 19:07:38.722" endtime="20200815 19:07:38.726"></status>
</kw>
<kw name="Wait Until Page Contains" library="SeleniumLibrary">
<doc>Waits until ``text`` appears on the current page.</doc>
<arguments>
<arg>${mensagem_esperada}</arg>
<arg>50</arg>
</arguments>
<status status="PASS" starttime="20200815 19:07:38.728" endtime="20200815 19:07:39.170"></status>
</kw>
<status status="PASS" starttime="20200815 19:07:38.718" endtime="20200815 19:07:39.172"></status>
</kw>
<kw name="E posso aceitar ou rejeitar esse pedido" library="kws">
<kw name="Wait Until Page Contains" library="SeleniumLibrary">
<doc>Waits until ``text`` appears on the current page.</doc>
<arguments>
<arg>ACEITAR</arg>
<arg>50</arg>
</arguments>
<status status="PASS" starttime="20200815 19:07:39.178" endtime="20200815 19:07:39.283"></status>
</kw>
<kw name="Wait Until Page Contains" library="SeleniumLibrary">
<doc>Waits until ``text`` appears on the current page.</doc>
<arguments>
<arg>REJEITAR</arg>
<arg>50</arg>
</arguments>
<status status="PASS" starttime="20200815 19:07:39.284" endtime="20200815 19:07:39.381"></status>
</kw>
<status status="PASS" starttime="20200815 19:07:39.174" endtime="20200815 19:07:39.382"></status>
</kw>
<kw name="Close Session" library="base" type="teardown">
<kw name="Capture Page Screenshot" library="SeleniumLibrary">
<doc>Takes a screenshot of the current page and embeds it into a log file.</doc>
<msg timestamp="20200815 19:07:40.291" level="INFO" html="yes">&lt;/td&gt;&lt;/tr&gt;&lt;tr&gt;&lt;td colspan="3"&gt;&lt;a href="selenium-screenshot-21.png"&gt;&lt;img src="selenium-screenshot-21.png" width="800px"&gt;&lt;/a&gt;</msg>
<status status="PASS" starttime="20200815 19:07:39.396" endtime="20200815 19:07:40.292"></status>
</kw>
<kw name="Close Browser" library="SeleniumLibrary">
<doc>Closes the current browser.</doc>
<status status="PASS" starttime="20200815 19:07:40.293" endtime="20200815 19:07:46.482"></status>
</kw>
<status status="PASS" starttime="20200815 19:07:39.390" endtime="20200815 19:07:46.483"></status>
</kw>
<status status="PASS" starttime="20200815 19:07:01.187" endtime="20200815 19:07:46.484" critical="yes"></status>
</test>
<doc>Receber Pedidos
Sendo um cozinheiro que possui produtos no dashboard
Quero receber solicitação de preparo dos meus produtos
Para que eu possa envia-los aos meus clientes</doc>
<status status="PASS" starttime="20200815 19:06:59.366" endtime="20200815 19:07:46.491"></status>
</suite>
<statistics>
<total>
<stat pass="1" fail="0">Critical Tests</stat>
<stat pass="1" fail="0">All Tests</stat>
</total>
<tag>
</tag>
<suite>
<stat pass="1" fail="0" id="s1" name="Receber-Pedidos">Receber-Pedidos</stat>
</suite>
</statistics>
<errors>
</errors>
</robot>
