<?xml version="1.0" encoding="UTF-8"?>
<robot generator="Robot 3.2.1 (Python 3.8.3 on win32)" generated="20200801 21:52:05.011" rpa="false">
<suite id="s1" name="Produtos" source="C:\Roboweek\ninjachef\tests\produtos.robot">
<test id="s1-t1" name="Novo prato">
<kw name="Login Session" library="helpers" type="setup">
<arguments>
<arg>bruna.mec51@yahoo.com.br</arg>
</arguments>
<kw name="Open Session" library="base">
<kw name="Open Browser" library="SeleniumLibrary">
<doc>Opens a new browser instance to the optional ``url``.</doc>
<arguments>
<arg>about:blank</arg>
<arg>Chrome</arg>
</arguments>
<msg timestamp="20200801 21:52:06.564" level="INFO">Opening browser 'Chrome' to base url 'about:blank'.</msg>
<status status="PASS" starttime="20200801 21:52:06.562" endtime="20200801 21:52:11.917"></status>
</kw>
<status status="PASS" starttime="20200801 21:52:06.560" endtime="20200801 21:52:11.919"></status>
</kw>
<kw name="Go To" library="SeleniumLibrary">
<doc>Navigates the current browser window to the provided ``url``.</doc>
<arguments>
<arg>http://ninjachef-qaninja-io.umbler.net/</arg>
</arguments>
<msg timestamp="20200801 21:52:11.922" level="INFO">Opening url 'http://ninjachef-qaninja-io.umbler.net/'</msg>
<status status="PASS" starttime="20200801 21:52:11.921" endtime="20200801 21:52:15.075"></status>
</kw>
<kw name="Input Text" library="SeleniumLibrary">
<doc>Types the given ``text`` into the text field identified by ``locator``.</doc>
<arguments>
<arg>id: email</arg>
<arg>${email}</arg>
</arguments>
<msg timestamp="20200801 21:52:15.079" level="INFO">Typing text 'bruna.mec51@yahoo.com.br' into text field 'id: email'.</msg>
<status status="PASS" starttime="20200801 21:52:15.076" endtime="20200801 21:52:15.893"></status>
</kw>
<kw name="Click Element" library="SeleniumLibrary">
<doc>Click the element identified by ``locator``.</doc>
<arguments>
<arg>css:button[type=submit]</arg>
</arguments>
<msg timestamp="20200801 21:52:15.897" level="INFO">Clicking element 'css:button[type=submit]'.</msg>
<status status="PASS" starttime="20200801 21:52:15.895" endtime="20200801 21:52:16.194"></status>
</kw>
<kw name="Wait Until Page Contains Element" library="SeleniumLibrary">
<doc>Waits until the element ``locator`` appears on the current page.</doc>
<arguments>
<arg>class:dashboard</arg>
</arguments>
<status status="PASS" starttime="20200801 21:52:16.196" endtime="20200801 21:52:16.985"></status>
</kw>
<status status="PASS" starttime="20200801 21:52:06.558" endtime="20200801 21:52:16.987"></status>
</kw>
<kw name="Dado que &quot;${nhoque}&quot; é um dos meus prato" library="kws">
<kw name="Set Test Variable" library="BuiltIn">
<doc>Makes a variable available everywhere within the scope of the current test.</doc>
<arguments>
<arg>${produto}</arg>
</arguments>
<msg timestamp="20200801 21:52:16.996" level="INFO">${produto} = {'img': 'nhoque.jpg', 'nome': 'Nhoque molho páprica', 'tipo': 'Massas', 'preco': '20.00'}</msg>
<status status="PASS" starttime="20200801 21:52:16.994" endtime="20200801 21:52:16.997"></status>
</kw>
<status status="PASS" starttime="20200801 21:52:16.991" endtime="20200801 21:52:16.998"></status>
</kw>
<kw name="Quando faço o cadastro desse item" library="kws">
<kw name="Wait Until Element Is Visible" library="SeleniumLibrary">
<doc>Waits until the element ``locator`` is visible.</doc>
<arguments>
<arg>class:btn-add</arg>
<arg>5</arg>
</arguments>
<status status="PASS" starttime="20200801 21:52:17.002" endtime="20200801 21:52:17.113"></status>
</kw>
<kw name="Click Element" library="SeleniumLibrary">
<doc>Click the element identified by ``locator``.</doc>
<arguments>
<arg>class:btn-add</arg>
</arguments>
<msg timestamp="20200801 21:52:17.114" level="INFO">Clicking element 'class:btn-add'.</msg>
<status status="PASS" starttime="20200801 21:52:17.113" endtime="20200801 21:52:17.366"></status>
</kw>
<kw name="Choose File" library="SeleniumLibrary">
<doc>Inputs the ``file_path`` into the file input field ``locator``.</doc>
<arguments>
<arg>css:input[id=thumbnail]</arg>
<arg>${EXECDIR}/resources/images/${produto['img']}</arg>
</arguments>
<msg timestamp="20200801 21:52:17.370" level="INFO">Sending C:\Roboweek\ninjachef\resources\images\nhoque.jpg to browser.</msg>
<status status="PASS" starttime="20200801 21:52:17.367" endtime="20200801 21:52:17.601"></status>
</kw>
<kw name="Input Text" library="SeleniumLibrary">
<doc>Types the given ``text`` into the text field identified by ``locator``.</doc>
<arguments>
<arg>id:name</arg>
<arg>${produto['nome']}</arg>
</arguments>
<msg timestamp="20200801 21:52:17.604" level="INFO">Typing text 'Nhoque molho páprica' into text field 'id:name'.</msg>
<status status="PASS" starttime="20200801 21:52:17.602" endtime="20200801 21:52:18.113"></status>
</kw>
<kw name="Input Text" library="SeleniumLibrary">
<doc>Types the given ``text`` into the text field identified by ``locator``.</doc>
<arguments>
<arg>id:plate</arg>
<arg>${produto['tipo']}</arg>
</arguments>
<msg timestamp="20200801 21:52:18.115" level="INFO">Typing text 'Massas' into text field 'id:plate'.</msg>
<status status="PASS" starttime="20200801 21:52:18.113" endtime="20200801 21:52:18.499"></status>
</kw>
<kw name="Input Text" library="SeleniumLibrary">
<doc>Types the given ``text`` into the text field identified by ``locator``.</doc>
<arguments>
<arg>id:price</arg>
<arg>${produto['preco']}</arg>
</arguments>
<msg timestamp="20200801 21:52:18.501" level="INFO">Typing text '20.00' into text field 'id:price'.</msg>
<status status="PASS" starttime="20200801 21:52:18.500" endtime="20200801 21:52:18.889"></status>
</kw>
<kw name="Wait Until Page Contains Element" library="SeleniumLibrary">
<doc>Waits until the element ``locator`` appears on the current page.</doc>
<arguments>
<arg>css:input[id=thumbnail]</arg>
<arg>5</arg>
</arguments>
<status status="PASS" starttime="20200801 21:52:18.890" endtime="20200801 21:52:18.917"></status>
</kw>
<kw name="Click Element" library="SeleniumLibrary">
<doc>Click the element identified by ``locator``.</doc>
<arguments>
<arg>class:btn-cadastrar</arg>
</arguments>
<msg timestamp="20200801 21:52:18.919" level="INFO">Clicking element 'class:btn-cadastrar'.</msg>
<status status="PASS" starttime="20200801 21:52:18.918" endtime="20200801 21:52:19.125"></status>
</kw>
<status status="PASS" starttime="20200801 21:52:17.000" endtime="20200801 21:52:19.126"></status>
</kw>
<kw name="Então devo ver este prato no meu dashboard" library="kws">
<kw name="Wait Until Element Contains" library="SeleniumLibrary">
<doc>Waits until the element ``locator`` contains ``text``.</doc>
<arguments>
<arg>class:product-list</arg>
<arg>${produto['nome']}</arg>
</arguments>
<status status="PASS" starttime="20200801 21:52:19.129" endtime="20200801 21:52:20.242"></status>
</kw>
<status status="PASS" starttime="20200801 21:52:19.128" endtime="20200801 21:52:20.243"></status>
</kw>
<kw name="Close Session" library="base" type="teardown">
<kw name="Close Browser" library="SeleniumLibrary">
<doc>Closes the current browser.</doc>
<status status="PASS" starttime="20200801 21:52:20.247" endtime="20200801 21:52:23.774"></status>
</kw>
<status status="PASS" starttime="20200801 21:52:20.245" endtime="20200801 21:52:23.775"></status>
</kw>
<status status="PASS" starttime="20200801 21:52:06.555" endtime="20200801 21:52:23.777" critical="yes"></status>
</test>
<doc>Cadastro de produtos/pratos
Sendo um cozinheiro amador
Quero cadastrar meus melhores pratos
Para que eu possa cozinha-los para outras pessoas</doc>
<status status="PASS" starttime="20200801 21:52:05.046" endtime="20200801 21:52:23.784"></status>
</suite>
<statistics>
<total>
<stat pass="1" fail="0">Critical Tests</stat>
<stat pass="1" fail="0">All Tests</stat>
</total>
<tag>
</tag>
<suite>
<stat pass="1" fail="0" id="s1" name="Produtos">Produtos</stat>
</suite>
</statistics>
<errors>
</errors>
</robot>
