<?xml version="1.0" encoding="UTF-8"?>
<robot generator="Robot 3.2.1 (Python 3.8.3 on win32)" generated="20200726 23:13:04.995" rpa="false">
<suite id="s1" name="Produtos" source="c:\Roboweek\ninjachef\tests\produtos.robot">
<test id="s1-t1" name="Novo prato">
<kw name="Login Session" library="helpers" type="setup">
<arguments>
<arg>papito@yahoo.com.br</arg>
</arguments>
<kw name="Open Session" library="base">
<kw name="Open Browser" library="SeleniumLibrary">
<doc>Opens a new browser instance to the optional ``url``.</doc>
<arguments>
<arg>about:blank</arg>
<arg>Chrome</arg>
</arguments>
<msg timestamp="20200726 23:13:06.287" level="INFO">Opening browser 'Chrome' to base url 'about:blank'.</msg>
<status status="PASS" starttime="20200726 23:13:06.286" endtime="20200726 23:13:18.713"></status>
</kw>
<status status="PASS" starttime="20200726 23:13:06.283" endtime="20200726 23:13:18.715"></status>
</kw>
<kw name="Go To" library="SeleniumLibrary">
<doc>Navigates the current browser window to the provided ``url``.</doc>
<arguments>
<arg>http://ninjachef-qaninja-io.umbler.net/</arg>
</arguments>
<msg timestamp="20200726 23:13:18.717" level="INFO">Opening url 'http://ninjachef-qaninja-io.umbler.net/'</msg>
<status status="PASS" starttime="20200726 23:13:18.716" endtime="20200726 23:13:21.758"></status>
</kw>
<kw name="Input Text" library="SeleniumLibrary">
<doc>Types the given ``text`` into the text field identified by ``locator``.</doc>
<arguments>
<arg>id: email</arg>
<arg>${email}</arg>
</arguments>
<msg timestamp="20200726 23:13:21.763" level="INFO">Typing text 'papito@yahoo.com.br' into text field 'id: email'.</msg>
<status status="PASS" starttime="20200726 23:13:21.760" endtime="20200726 23:13:22.528"></status>
</kw>
<kw name="Click Element" library="SeleniumLibrary">
<doc>Click the element identified by ``locator``.</doc>
<arguments>
<arg>css:button[type=submit]</arg>
</arguments>
<msg timestamp="20200726 23:13:22.530" level="INFO">Clicking element 'css:button[type=submit]'.</msg>
<status status="PASS" starttime="20200726 23:13:22.529" endtime="20200726 23:13:22.809"></status>
</kw>
<kw name="Wait Until Page Contains Element" library="SeleniumLibrary">
<doc>Waits until the element ``locator`` appears on the current page.</doc>
<arguments>
<arg>class:dashboard</arg>
</arguments>
<status status="PASS" starttime="20200726 23:13:22.811" endtime="20200726 23:13:23.345"></status>
</kw>
<status status="PASS" starttime="20200726 23:13:06.281" endtime="20200726 23:13:23.346"></status>
</kw>
<kw name="Dado que &quot;${nhoque}&quot; é um dos meus prato" library="kws">
<kw name="Set Test Variable" library="BuiltIn">
<doc>Makes a variable available everywhere within the scope of the current test.</doc>
<arguments>
<arg>${produto}</arg>
</arguments>
<msg timestamp="20200726 23:13:23.357" level="INFO">${produto} = {'nome': 'Nhoque molho páprica', 'tipo': 'Massas', 'preco': '20.00'}</msg>
<status status="PASS" starttime="20200726 23:13:23.355" endtime="20200726 23:13:23.358"></status>
</kw>
<status status="PASS" starttime="20200726 23:13:23.352" endtime="20200726 23:13:23.359"></status>
</kw>
<kw name="Quando faço o cadastro desse item" library="kws">
<kw name="Wait Until Element Is Visible" library="SeleniumLibrary">
<doc>Waits until the element ``locator`` is visible.</doc>
<arguments>
<arg>class:btn-add</arg>
<arg>5</arg>
</arguments>
<status status="PASS" starttime="20200726 23:13:23.362" endtime="20200726 23:13:23.743"></status>
</kw>
<kw name="Click Element" library="SeleniumLibrary">
<doc>Click the element identified by ``locator``.</doc>
<arguments>
<arg>class:btn-add</arg>
</arguments>
<msg timestamp="20200726 23:13:23.745" level="INFO">Clicking element 'class:btn-add'.</msg>
<status status="PASS" starttime="20200726 23:13:23.744" endtime="20200726 23:13:24.006"></status>
</kw>
<kw name="Input Text" library="SeleniumLibrary">
<doc>Types the given ``text`` into the text field identified by ``locator``.</doc>
<arguments>
<arg>id:name</arg>
<arg>${produto['nome']}</arg>
</arguments>
<msg timestamp="20200726 23:13:24.013" level="INFO">Typing text 'Nhoque molho páprica' into text field 'id:name'.</msg>
<status status="PASS" starttime="20200726 23:13:24.010" endtime="20200726 23:13:24.537"></status>
</kw>
<kw name="Input Text" library="SeleniumLibrary">
<doc>Types the given ``text`` into the text field identified by ``locator``.</doc>
<arguments>
<arg>id:plate</arg>
<arg>${produto['tipo']}</arg>
</arguments>
<msg timestamp="20200726 23:13:24.539" level="INFO">Typing text 'Massas' into text field 'id:plate'.</msg>
<status status="PASS" starttime="20200726 23:13:24.538" endtime="20200726 23:13:24.922"></status>
</kw>
<kw name="Input Text" library="SeleniumLibrary">
<doc>Types the given ``text`` into the text field identified by ``locator``.</doc>
<arguments>
<arg>id:price</arg>
<arg>${produto['preco']}</arg>
</arguments>
<msg timestamp="20200726 23:13:24.924" level="INFO">Typing text '20.00' into text field 'id:price'.</msg>
<status status="PASS" starttime="20200726 23:13:24.922" endtime="20200726 23:13:25.309"></status>
</kw>
<kw name="Click Element" library="SeleniumLibrary">
<doc>Click the element identified by ``locator``.</doc>
<arguments>
<arg>class:btn-cadastrar</arg>
</arguments>
<msg timestamp="20200726 23:13:25.310" level="INFO">Clicking element 'class:btn-cadastrar'.</msg>
<status status="PASS" starttime="20200726 23:13:25.310" endtime="20200726 23:13:25.524"></status>
</kw>
<status status="PASS" starttime="20200726 23:13:23.360" endtime="20200726 23:13:25.526"></status>
</kw>
<kw name="Então devo ver este prato no meu dashboard" library="kws">
<kw name="Wait Until Element Contains" library="SeleniumLibrary">
<doc>Waits until the element ``locator`` contains ``text``.</doc>
<arguments>
<arg>class:product-list</arg>
<arg>${produto['nome']}</arg>
</arguments>
<kw name="Capture Page Screenshot" library="SeleniumLibrary">
<doc>Takes a screenshot of the current page and embeds it into a log file.</doc>
<msg timestamp="20200726 23:13:31.626" level="INFO" html="yes">&lt;/td&gt;&lt;/tr&gt;&lt;tr&gt;&lt;td colspan="3"&gt;&lt;a href="selenium-screenshot-1.png"&gt;&lt;img src="selenium-screenshot-1.png" width="800px"&gt;&lt;/a&gt;</msg>
<status status="PASS" starttime="20200726 23:13:30.613" endtime="20200726 23:13:31.626"></status>
</kw>
<msg timestamp="20200726 23:13:31.896" level="FAIL">Element with locator 'class:product-list' not found.</msg>
<status status="FAIL" starttime="20200726 23:13:25.535" endtime="20200726 23:13:31.896"></status>
</kw>
<status status="FAIL" starttime="20200726 23:13:25.531" endtime="20200726 23:13:31.898"></status>
</kw>
<kw name="Close Session" library="base" type="teardown">
<kw name="Close Browser" library="SeleniumLibrary">
<doc>Closes the current browser.</doc>
<status status="PASS" starttime="20200726 23:13:31.903" endtime="20200726 23:13:36.211"></status>
</kw>
<status status="PASS" starttime="20200726 23:13:31.901" endtime="20200726 23:13:36.212"></status>
</kw>
<status status="FAIL" starttime="20200726 23:13:06.278" endtime="20200726 23:13:36.214" critical="yes">Element with locator 'class:product-list' not found.</status>
</test>
<doc>Cadastro de produtos/pratos
Sendo um cozinheiro amador
Quero cadastrar meus melhores pratos
Para que eu possa cozinha-los para outras pessoas</doc>
<status status="FAIL" starttime="20200726 23:13:05.013" endtime="20200726 23:13:36.222"></status>
</suite>
<statistics>
<total>
<stat pass="0" fail="1">Critical Tests</stat>
<stat pass="0" fail="1">All Tests</stat>
</total>
<tag>
</tag>
<suite>
<stat pass="0" fail="1" id="s1" name="Produtos">Produtos</stat>
</suite>
</statistics>
<errors>
</errors>
</robot>
